<?xml version="1.0" encoding="UTF-8"?>
<!-- Generated by org.testng.reporters.JUnitXMLReporter -->
<testsuite ignored="0" hostname="DESKTOP-P9BL872" failures="1" tests="1" name="Surefire test" time="4.722" errors="0" timestamp="2020-10-26T19:08:37 IST">
  <testcase classname="io.cucumber.testng.AbstractTestNGCucumberTests" name="runScenario" time="3.071">
    <failure type="org.openqa.selenium.WebDriverException" message="unknown error: Chrome failed to start: exited normally.
  (unknown error: DevToolsActivePort file doesn&amp;apos;t exist)
  (The process started from chrome location C:\Users\Sohail Abbas\AppData\Local\FieldService\FieldService.exe is no longer running, so ChromeDriver is assuming that Chrome has crashed.)
Build info: version: &amp;apos;3.141.59&amp;apos;, revision: &amp;apos;e82be7d358&amp;apos;, time: &amp;apos;2018-11-14T08:17:03&amp;apos;
System info: host: &amp;apos;DESKTOP-P9BL872&amp;apos;, ip: &amp;apos;192.168.1.146&amp;apos;, os.name: &amp;apos;Windows 10&amp;apos;, os.arch: &amp;apos;amd64&amp;apos;, os.version: &amp;apos;10.0&amp;apos;, java.version: &amp;apos;11.0.8&amp;apos;
Driver info: driver.version: ChromeDriver
remote stacktrace: Backtrace:
	Ordinal0 [0x0062D383+3134339]
	Ordinal0 [0x0051A171+2007409]
	Ordinal0 [0x003BAEE8+569064]
	Ordinal0 [0x0033D721+55073]
	Ordinal0 [0x00360DFC+200188]
	Ordinal0 [0x00360C1D+199709]
	Ordinal0 [0x0035EB0B+191243]
	Ordinal0 [0x00342E77+77431]
	Ordinal0 [0x00343E3E+81470]
	Ordinal0 [0x00343DC9+81353]
	Ordinal0 [0x00530CD9+2100441]
	GetHandleVerifier [0x0079B75A+1396954]
	GetHandleVerifier [0x0079B3D9+1396057]
	GetHandleVerifier [0x007A7126+1444518]
	GetHandleVerifier [0x0079BCE8+1398376]
	Ordinal0 [0x00527F51+2064209]
	Ordinal0 [0x005322EB+2106091]
	Ordinal0 [0x00532411+2106385]
	Ordinal0 [0x005449C4+2181572]
	BaseThreadInitThunk [0x76CD6359+25]
	RtlGetAppContainerNamedObjectPath [0x774D7C24+228]
	RtlGetAppContainerNamedObjectPath [0x774D7BF4+180]
">
      <![CDATA[org.openqa.selenium.WebDriverException: unknown error: Chrome failed to start: exited normally.
  (unknown error: DevToolsActivePort file doesn't exist)
  (The process started from chrome location C:\Users\Sohail Abbas\AppData\Local\FieldService\FieldService.exe is no longer running, so ChromeDriver is assuming that Chrome has crashed.)
Build info: version: '3.141.59', revision: 'e82be7d358', time: '2018-11-14T08:17:03'
System info: host: 'DESKTOP-P9BL872', ip: '192.168.1.146', os.name: 'Windows 10', os.arch: 'amd64', os.version: '10.0', java.version: '11.0.8'
Driver info: driver.version: ChromeDriver
remote stacktrace: Backtrace:
Ordinal0 [0x0062D383+3134339]
Ordinal0 [0x0051A171+2007409]
Ordinal0 [0x003BAEE8+569064]
Ordinal0 [0x0033D721+55073]
Ordinal0 [0x00360DFC+200188]
Ordinal0 [0x00360C1D+199709]
Ordinal0 [0x0035EB0B+191243]
Ordinal0 [0x00342E77+77431]
Ordinal0 [0x00343E3E+81470]
Ordinal0 [0x00343DC9+81353]
Ordinal0 [0x00530CD9+2100441]
GetHandleVerifier [0x0079B75A+1396954]
GetHandleVerifier [0x0079B3D9+1396057]
GetHandleVerifier [0x007A7126+1444518]
GetHandleVerifier [0x0079BCE8+1398376]
Ordinal0 [0x00527F51+2064209]
Ordinal0 [0x005322EB+2106091]
Ordinal0 [0x00532411+2106385]
Ordinal0 [0x005449C4+2181572]
BaseThreadInitThunk [0x76CD6359+25]
RtlGetAppContainerNamedObjectPath [0x774D7C24+228]
RtlGetAppContainerNamedObjectPath [0x774D7BF4+180]

at org.openqa.selenium.remote.W3CHandshakeResponse.lambda$errorHandler$0(W3CHandshakeResponse.java:62)
at org.openqa.selenium.remote.HandshakeResponse.lambda$getResponseFunction$0(HandshakeResponse.java:30)
at org.openqa.selenium.remote.ProtocolHandshake.lambda$createSession$0(ProtocolHandshake.java:126)
at java.base/java.util.stream.ReferencePipeline$3$1.accept(ReferencePipeline.java:195)
at java.base/java.util.Spliterators$ArraySpliterator.tryAdvance(Spliterators.java:958)
at java.base/java.util.stream.ReferencePipeline.forEachWithCancel(ReferencePipeline.java:127)
at java.base/java.util.stream.AbstractPipeline.copyIntoWithCancel(AbstractPipeline.java:502)
at java.base/java.util.stream.AbstractPipeline.copyInto(AbstractPipeline.java:488)
at java.base/java.util.stream.AbstractPipeline.wrapAndCopyInto(AbstractPipeline.java:474)
at java.base/java.util.stream.FindOps$FindOp.evaluateSequential(FindOps.java:150)
at java.base/java.util.stream.AbstractPipeline.evaluate(AbstractPipeline.java:234)
at java.base/java.util.stream.ReferencePipeline.findFirst(ReferencePipeline.java:543)
at org.openqa.selenium.remote.ProtocolHandshake.createSession(ProtocolHandshake.java:128)
at org.openqa.selenium.remote.ProtocolHandshake.createSession(ProtocolHandshake.java:74)
at org.openqa.selenium.remote.HttpCommandExecutor.execute(HttpCommandExecutor.java:136)
at org.openqa.selenium.remote.service.DriverCommandExecutor.execute(DriverCommandExecutor.java:83)
at org.openqa.selenium.remote.RemoteWebDriver.execute(RemoteWebDriver.java:552)
at org.openqa.selenium.remote.RemoteWebDriver.startSession(RemoteWebDriver.java:213)
at org.openqa.selenium.remote.RemoteWebDriver.<init>(RemoteWebDriver.java:131)
at org.openqa.selenium.chrome.ChromeDriver.<init>(ChromeDriver.java:181)
at org.openqa.selenium.chrome.ChromeDriver.<init>(ChromeDriver.java:147)
at StepsDefine.genericFunctions.create_connection(genericFunctions.java:901)
at ✽.create connection(classpath:features/emersonIonic.feature:9)
... Removed 4 stack frames]]>
    </failure>
  </testcase> <!-- runScenario -->
</testsuite> <!-- Surefire test -->
