<?xml version="1.0" encoding="UTF-8"?>
<!-- Generated by org.testng.reporters.JUnitXMLReporter -->
<testsuite ignored="0" hostname="DESKTOP-P9BL872" failures="2" tests="2" name="Surefire test" time="181.478" errors="0" timestamp="2020-10-24T01:13:19 IST">
  <testcase classname="io.cucumber.testng.AbstractTestNGCucumberTests" name="runScenario" time="87.772">
    <failure type="org.openqa.selenium.NoSuchElementException" message="Unable to locate element: //div[contains(text(),&amp;apos;474 MAPLE AVE DIVIDING CREEK NJ 08315&amp;apos;)]
For documentation on this error, please visit: https://www.seleniumhq.org/exceptions/no_such_element.html
Build info: version: &amp;apos;3.141.59&amp;apos;, revision: &amp;apos;e82be7d358&amp;apos;, time: &amp;apos;2018-11-14T08:17:03&amp;apos;
System info: host: &amp;apos;DESKTOP-P9BL872&amp;apos;, ip: &amp;apos;192.168.1.146&amp;apos;, os.name: &amp;apos;Windows 10&amp;apos;, os.arch: &amp;apos;amd64&amp;apos;, os.version: &amp;apos;10.0&amp;apos;, java.version: &amp;apos;11.0.8&amp;apos;
Driver info: org.openqa.selenium.firefox.FirefoxDriver
Capabilities {acceptInsecureCerts: true, browserName: firefox, browserVersion: 81.0.2, javascriptEnabled: true, moz:accessibilityChecks: false, moz:buildID: 20201012085804, moz:geckodriverVersion: 0.27.0, moz:headless: false, moz:processID: 18688, moz:profile: C:\Users\Sohail Abbas\AppDa..., moz:shutdownTimeout: 60000, moz:useNonSpecCompliantPointerOrigin: false, moz:webdriverClick: true, pageLoadStrategy: normal, platform: WINDOWS, platformName: WINDOWS, platformVersion: 10.0, rotatable: false, setWindowRect: true, strictFileInteractability: false, timeouts: {implicit: 0, pageLoad: 300000, script: 30000}, unhandledPromptBehavior: dismiss and notify}
Session ID: ae4a0fb0-4a6b-4273-b9a9-ed58f2d45fdd
*** Element info: {Using=xpath, value=//div[contains(text(),&amp;apos;474 MAPLE AVE DIVIDING CREEK NJ 08315&amp;apos;)]}">
      <![CDATA[org.openqa.selenium.NoSuchElementException: Unable to locate element: //div[contains(text(),'474 MAPLE AVE DIVIDING CREEK NJ 08315')]
For documentation on this error, please visit: https://www.seleniumhq.org/exceptions/no_such_element.html
Build info: version: '3.141.59', revision: 'e82be7d358', time: '2018-11-14T08:17:03'
System info: host: 'DESKTOP-P9BL872', ip: '192.168.1.146', os.name: 'Windows 10', os.arch: 'amd64', os.version: '10.0', java.version: '11.0.8'
Driver info: org.openqa.selenium.firefox.FirefoxDriver
Capabilities {acceptInsecureCerts: true, browserName: firefox, browserVersion: 81.0.2, javascriptEnabled: true, moz:accessibilityChecks: false, moz:buildID: 20201012085804, moz:geckodriverVersion: 0.27.0, moz:headless: false, moz:processID: 18688, moz:profile: C:\Users\Sohail Abbas\AppDa..., moz:shutdownTimeout: 60000, moz:useNonSpecCompliantPointerOrigin: false, moz:webdriverClick: true, pageLoadStrategy: normal, platform: WINDOWS, platformName: WINDOWS, platformVersion: 10.0, rotatable: false, setWindowRect: true, strictFileInteractability: false, timeouts: {implicit: 0, pageLoad: 300000, script: 30000}, unhandledPromptBehavior: dismiss and notify}
Session ID: ae4a0fb0-4a6b-4273-b9a9-ed58f2d45fdd
*** Element info: {Using=xpath, value=//div[contains(text(),'474 MAPLE AVE DIVIDING CREEK NJ 08315')]}
at org.openqa.selenium.remote.http.W3CHttpResponseCodec.createException(W3CHttpResponseCodec.java:187)
at org.openqa.selenium.remote.http.W3CHttpResponseCodec.decode(W3CHttpResponseCodec.java:122)
at org.openqa.selenium.remote.http.W3CHttpResponseCodec.decode(W3CHttpResponseCodec.java:49)
at org.openqa.selenium.remote.HttpCommandExecutor.execute(HttpCommandExecutor.java:158)
at org.openqa.selenium.remote.service.DriverCommandExecutor.execute(DriverCommandExecutor.java:83)
at org.openqa.selenium.remote.RemoteWebDriver.execute(RemoteWebDriver.java:552)
at org.openqa.selenium.remote.RemoteWebDriver.findElement(RemoteWebDriver.java:323)
at org.openqa.selenium.remote.RemoteWebDriver.findElementByXPath(RemoteWebDriver.java:428)
at org.openqa.selenium.By$ByXPath.findElement(By.java:353)
at org.openqa.selenium.remote.RemoteWebDriver.findElement(RemoteWebDriver.java:315)
at StepsDefine.genericFunctions.select_any_of_the_registered_address_for_payment(genericFunctions.java:291)
at ✽.select any of the registered address for payment(classpath:features/exelonChatbotFirefox.feature:51)
... Removed 4 stack frames]]>
    </failure>
  </testcase> <!-- runScenario -->
  <testcase classname="io.cucumber.testng.AbstractTestNGCucumberTests" name="runScenario" time="92.74">
    <failure type="org.openqa.selenium.NoSuchElementException" message="Unable to locate element: //div[contains(text(),&amp;apos;474 MAPLE AVE DIVIDING CREEK NJ 08315&amp;apos;)]
For documentation on this error, please visit: https://www.seleniumhq.org/exceptions/no_such_element.html
Build info: version: &amp;apos;3.141.59&amp;apos;, revision: &amp;apos;e82be7d358&amp;apos;, time: &amp;apos;2018-11-14T08:17:03&amp;apos;
System info: host: &amp;apos;DESKTOP-P9BL872&amp;apos;, ip: &amp;apos;192.168.1.146&amp;apos;, os.name: &amp;apos;Windows 10&amp;apos;, os.arch: &amp;apos;amd64&amp;apos;, os.version: &amp;apos;10.0&amp;apos;, java.version: &amp;apos;11.0.8&amp;apos;
Driver info: org.openqa.selenium.firefox.FirefoxDriver
Capabilities {acceptInsecureCerts: true, browserName: firefox, browserVersion: 81.0.2, javascriptEnabled: true, moz:accessibilityChecks: false, moz:buildID: 20201012085804, moz:geckodriverVersion: 0.27.0, moz:headless: false, moz:processID: 236, moz:profile: C:\Users\Sohail Abbas\AppDa..., moz:shutdownTimeout: 60000, moz:useNonSpecCompliantPointerOrigin: false, moz:webdriverClick: true, pageLoadStrategy: normal, platform: WINDOWS, platformName: WINDOWS, platformVersion: 10.0, rotatable: false, setWindowRect: true, strictFileInteractability: false, timeouts: {implicit: 0, pageLoad: 300000, script: 30000}, unhandledPromptBehavior: dismiss and notify}
Session ID: 7836632e-6cd5-43ec-a354-bfd1d32ffd00
*** Element info: {Using=xpath, value=//div[contains(text(),&amp;apos;474 MAPLE AVE DIVIDING CREEK NJ 08315&amp;apos;)]}">
      <![CDATA[org.openqa.selenium.NoSuchElementException: Unable to locate element: //div[contains(text(),'474 MAPLE AVE DIVIDING CREEK NJ 08315')]
For documentation on this error, please visit: https://www.seleniumhq.org/exceptions/no_such_element.html
Build info: version: '3.141.59', revision: 'e82be7d358', time: '2018-11-14T08:17:03'
System info: host: 'DESKTOP-P9BL872', ip: '192.168.1.146', os.name: 'Windows 10', os.arch: 'amd64', os.version: '10.0', java.version: '11.0.8'
Driver info: org.openqa.selenium.firefox.FirefoxDriver
Capabilities {acceptInsecureCerts: true, browserName: firefox, browserVersion: 81.0.2, javascriptEnabled: true, moz:accessibilityChecks: false, moz:buildID: 20201012085804, moz:geckodriverVersion: 0.27.0, moz:headless: false, moz:processID: 236, moz:profile: C:\Users\Sohail Abbas\AppDa..., moz:shutdownTimeout: 60000, moz:useNonSpecCompliantPointerOrigin: false, moz:webdriverClick: true, pageLoadStrategy: normal, platform: WINDOWS, platformName: WINDOWS, platformVersion: 10.0, rotatable: false, setWindowRect: true, strictFileInteractability: false, timeouts: {implicit: 0, pageLoad: 300000, script: 30000}, unhandledPromptBehavior: dismiss and notify}
Session ID: 7836632e-6cd5-43ec-a354-bfd1d32ffd00
*** Element info: {Using=xpath, value=//div[contains(text(),'474 MAPLE AVE DIVIDING CREEK NJ 08315')]}
at org.openqa.selenium.remote.http.W3CHttpResponseCodec.createException(W3CHttpResponseCodec.java:187)
at org.openqa.selenium.remote.http.W3CHttpResponseCodec.decode(W3CHttpResponseCodec.java:122)
at org.openqa.selenium.remote.http.W3CHttpResponseCodec.decode(W3CHttpResponseCodec.java:49)
at org.openqa.selenium.remote.HttpCommandExecutor.execute(HttpCommandExecutor.java:158)
at org.openqa.selenium.remote.service.DriverCommandExecutor.execute(DriverCommandExecutor.java:83)
at org.openqa.selenium.remote.RemoteWebDriver.execute(RemoteWebDriver.java:552)
at org.openqa.selenium.remote.RemoteWebDriver.findElement(RemoteWebDriver.java:323)
at org.openqa.selenium.remote.RemoteWebDriver.findElementByXPath(RemoteWebDriver.java:428)
at org.openqa.selenium.By$ByXPath.findElement(By.java:353)
at org.openqa.selenium.remote.RemoteWebDriver.findElement(RemoteWebDriver.java:315)
at StepsDefine.genericFunctions.select_any_of_the_registered_address_for_payment(genericFunctions.java:291)
at ✽.select any of the registered address for payment(classpath:features/exelonChatbotFirefox.feature:51)
... Removed 4 stack frames]]>
    </failure>
  </testcase> <!-- runScenario -->
</testsuite> <!-- Surefire test -->
