<?xml version="1.0" encoding="UTF-8"?>
<!-- Generated by org.testng.reporters.JUnitXMLReporter -->
<testsuite ignored="0" hostname="DESKTOP-P9BL872" failures="1" tests="1" name="Surefire test" time="6.679" errors="0" timestamp="2021-02-19T15:12:13 IST">
  <testcase classname="io.cucumber.testng.AbstractTestNGCucumberTests" name="runScenario" time="5.723">
    <failure type="java.lang.AssertionError">
      <![CDATA[java.lang.AssertionError
at cucumberHooks.addonFunctions.compareString(addonFunctions.java:81)
at StepsDefine.apiAutomationFunctions.verify_body(apiAutomationFunctions.java:265)
at StepsDefine.apiAutomationFunctions.verify_response_body_for_endpoint_with_resourcecd(apiAutomationFunctions.java:117)
at ✽.verify response body for "tech profile" with "348"(classpath:features/emersonAPI.feature:52)
]]>
    </failure>
  </testcase> <!-- runScenario -->
</testsuite> <!-- Surefire test -->
