<?xml version="1.0" encoding="UTF-8"?>
<!-- Generated by org.testng.reporters.JUnitXMLReporter -->
<testsuite ignored="0" hostname="DESKTOP-P9BL872" failures="1" tests="1" name="Surefire test" time="17.277" errors="0" timestamp="2020-09-24T18:25:44 IST">
  <testcase classname="io.cucumber.testng.AbstractTestNGCucumberTests" name="runScenario" time="16.391">
    <failure type="java.lang.NullPointerException">
      <![CDATA[java.lang.NullPointerException
at StepsDefine.apiAutomationFunctions.verify_response_body_for_Get_Team(apiAutomationFunctions.java:71)
at ✽.verify response body for Get Team(classpath:features/helloSignAPI.feature:33)
]]>
    </failure>
  </testcase> <!-- runScenario -->
</testsuite> <!-- Surefire test -->
