<?xml version="1.0" encoding="UTF-8"?>
<testng-results ignored="0" total="1" passed="0" failed="1" skipped="0">
  <reporter-output>
  </reporter-output>
  <suite started-at="2020-09-24T18:25:27 IST" name="Surefire suite" finished-at="2020-09-24T18:25:44 IST" duration-ms="17277">
    <groups>
      <group name="cucumber">
        <method signature="AbstractTestNGCucumberTests.runScenario(io.cucumber.testng.PickleWrapper, io.cucumber.testng.FeatureWrapper)[pri:0, instance:com.cucumber.runner.sharpRunner@f6efaab]" name="runScenario" class="io.cucumber.testng.AbstractTestNGCucumberTests"/>
      </group> <!-- cucumber -->
    </groups>
    <test started-at="2020-09-24T18:25:27 IST" name="Surefire test" finished-at="2020-09-24T18:25:44 IST" duration-ms="17277">
      <class name="com.cucumber.runner.sharpRunner">
        <test-method is-config="true" signature="setUpClass()[pri:0, instance:com.cucumber.runner.sharpRunner@f6efaab]" started-at="2020-09-24T18:25:27 IST" name="setUpClass" finished-at="2020-09-24T18:25:28 IST" duration-ms="436" status="PASS">
          <reporter-output>
          </reporter-output>
        </test-method> <!-- setUpClass -->
        <test-method signature="runScenario(io.cucumber.testng.PickleWrapper, io.cucumber.testng.FeatureWrapper)[pri:0, instance:com.cucumber.runner.sharpRunner@f6efaab]" started-at="2020-09-24T18:25:28 IST" name="runScenario" description="Runs Cucumber Scenarios" data-provider="scenarios" finished-at="2020-09-24T18:25:44 IST" duration-ms="16391" status="FAIL">
          <params>
            <param index="0">
              <value>
                <![CDATA["API: Verify team details"]]>
              </value>
            </param>
            <param index="1">
              <value>
                <![CDATA["Optional[Feature to test Hello Sign API cases]"]]>
              </value>
            </param>
          </params>
          <exception class="java.lang.NullPointerException">
            <full-stacktrace>
              <![CDATA[java.lang.NullPointerException
at StepsDefine.apiAutomationFunctions.verify_response_body_for_Get_Team(apiAutomationFunctions.java:71)
at ✽.verify response body for Get Team(classpath:features/helloSignAPI.feature:33)
]]>
            </full-stacktrace>
          </exception> <!-- java.lang.NullPointerException -->
          <reporter-output>
          </reporter-output>
        </test-method> <!-- runScenario -->
        <test-method is-config="true" signature="tearDownClass()[pri:0, instance:com.cucumber.runner.sharpRunner@f6efaab]" started-at="2020-09-24T18:25:44 IST" name="tearDownClass" finished-at="2020-09-24T18:25:44 IST" duration-ms="411" status="PASS">
          <reporter-output>
          </reporter-output>
        </test-method> <!-- tearDownClass -->
      </class> <!-- com.cucumber.runner.sharpRunner -->
    </test> <!-- Surefire test -->
  </suite> <!-- Surefire suite -->
</testng-results>
