<?xml version="1.0" encoding="UTF-8"?>
<testng-results ignored="0" total="18" passed="9" failed="9" skipped="0">
  <reporter-output>
  </reporter-output>
  <suite started-at="2020-10-22T13:29:11 IST" name="Surefire suite" finished-at="2020-10-22T13:41:48 IST" duration-ms="757705">
    <groups>
      <group name="cucumber">
        <method signature="AbstractTestNGCucumberTests.runScenario(io.cucumber.testng.PickleWrapper, io.cucumber.testng.FeatureWrapper)[pri:0, instance:com.cucumber.runner.sharpRunner@1283bb96]" name="runScenario" class="io.cucumber.testng.AbstractTestNGCucumberTests"/>
      </group> <!-- cucumber -->
    </groups>
    <test started-at="2020-10-22T13:29:11 IST" name="Surefire test" finished-at="2020-10-22T13:41:48 IST" duration-ms="757705">
      <class name="com.cucumber.runner.sharpRunner">
        <test-method is-config="true" signature="setUpClass()[pri:0, instance:com.cucumber.runner.sharpRunner@1283bb96]" started-at="2020-10-22T13:29:11 IST" name="setUpClass" finished-at="2020-10-22T13:29:11 IST" duration-ms="452" status="PASS">
          <reporter-output>
          </reporter-output>
        </test-method> <!-- setUpClass -->
        <test-method signature="runScenario(io.cucumber.testng.PickleWrapper, io.cucumber.testng.FeatureWrapper)[pri:0, instance:com.cucumber.runner.sharpRunner@1283bb96]" started-at="2020-10-22T13:29:11 IST" name="runScenario" description="Runs Cucumber Scenarios" data-provider="scenarios" finished-at="2020-10-22T13:30:05 IST" duration-ms="53846" status="PASS">
          <params>
            <param index="0">
              <value>
                <![CDATA["Firefox: Initiate bot, click mail icon and click submit with valid email id format"]]>
              </value>
            </param>
            <param index="1">
              <value>
                <![CDATA["Optional[Exelon-PHI-ACE feature file]"]]>
              </value>
            </param>
          </params>
          <reporter-output>
          </reporter-output>
        </test-method> <!-- runScenario -->
        <test-method signature="runScenario(io.cucumber.testng.PickleWrapper, io.cucumber.testng.FeatureWrapper)[pri:0, instance:com.cucumber.runner.sharpRunner@1283bb96]" started-at="2020-10-22T13:30:05 IST" name="runScenario" description="Runs Cucumber Scenarios" data-provider="scenarios" finished-at="2020-10-22T13:31:00 IST" duration-ms="54896" status="PASS">
          <params>
            <param index="0">
              <value>
                <![CDATA["Firefox: Initiate bot, click mail icon and click submit with valid email id format"]]>
              </value>
            </param>
            <param index="1">
              <value>
                <![CDATA["Optional[Exelon-PHI-ACE feature file]"]]>
              </value>
            </param>
          </params>
          <reporter-output>
          </reporter-output>
        </test-method> <!-- runScenario -->
        <test-method signature="runScenario(io.cucumber.testng.PickleWrapper, io.cucumber.testng.FeatureWrapper)[pri:0, instance:com.cucumber.runner.sharpRunner@1283bb96]" started-at="2020-10-22T13:31:00 IST" name="runScenario" description="Runs Cucumber Scenarios" data-provider="scenarios" finished-at="2020-10-22T13:31:55 IST" duration-ms="55171" status="PASS">
          <params>
            <param index="0">
              <value>
                <![CDATA["Firefox: Initiate bot, click mail icon and click submit with valid email id format"]]>
              </value>
            </param>
            <param index="1">
              <value>
                <![CDATA["Optional[Exelon-PHI-ACE feature file]"]]>
              </value>
            </param>
          </params>
          <reporter-output>
          </reporter-output>
        </test-method> <!-- runScenario -->
        <test-method signature="runScenario(io.cucumber.testng.PickleWrapper, io.cucumber.testng.FeatureWrapper)[pri:0, instance:com.cucumber.runner.sharpRunner@1283bb96]" started-at="2020-10-22T13:31:55 IST" name="runScenario" description="Runs Cucumber Scenarios" data-provider="scenarios" finished-at="2020-10-22T13:31:57 IST" duration-ms="2392" status="FAIL">
          <params>
            <param index="0">
              <value>
                <![CDATA["Chrome: Open exelon web application, load chatbot and navigate through menus"]]>
              </value>
            </param>
            <param index="1">
              <value>
                <![CDATA["Optional[Feature to test exelon chatbot application test cases]"]]>
              </value>
            </param>
          </params>
          <exception class="org.openqa.selenium.SessionNotCreatedException">
            <message>
              <![CDATA[session not created: This version of ChromeDriver only supports Chrome version 84
Build info: version: '3.141.59', revision: 'e82be7d358', time: '2018-11-14T08:17:03'
System info: host: 'DESKTOP-P9BL872', ip: '192.168.1.146', os.name: 'Windows 10', os.arch: 'amd64', os.version: '10.0', java.version: '11.0.8'
Driver info: driver.version: ChromeDriver
remote stacktrace: Backtrace:
Ordinal0 [0x005387E3+2852835]
Ordinal0 [0x00425BB1+1727409]
Ordinal0 [0x002FE4B9+517305]
Ordinal0 [0x00290BA0+68512]
Ordinal0 [0x0028D3A0+54176]
Ordinal0 [0x002AD9F7+186871]
Ordinal0 [0x002AD7FD+186365]
Ordinal0 [0x002AB70B+177931]
Ordinal0 [0x00292584+75140]
Ordinal0 [0x00293650+79440]
Ordinal0 [0x002935E9+79337]
Ordinal0 [0x0043AD5C+1813852]
GetHandleVerifier [0x0065C616+1075574]
GetHandleVerifier [0x0065C367+1074887]
GetHandleVerifier [0x00667497+1120247]
GetHandleVerifier [0x0065CC16+1077110]
Ordinal0 [0x00433206+1782278]
Ordinal0 [0x0043C3BB+1819579]
Ordinal0 [0x0043C523+1819939]
Ordinal0 [0x00452B45+1911621]
BaseThreadInitThunk [0x76CD6359+25]
RtlGetAppContainerNamedObjectPath [0x774D7C24+228]
RtlGetAppContainerNamedObjectPath [0x774D7BF4+180]
]]>
            </message>
            <full-stacktrace>
              <![CDATA[org.openqa.selenium.SessionNotCreatedException: session not created: This version of ChromeDriver only supports Chrome version 84
Build info: version: '3.141.59', revision: 'e82be7d358', time: '2018-11-14T08:17:03'
System info: host: 'DESKTOP-P9BL872', ip: '192.168.1.146', os.name: 'Windows 10', os.arch: 'amd64', os.version: '10.0', java.version: '11.0.8'
Driver info: driver.version: ChromeDriver
remote stacktrace: Backtrace:
Ordinal0 [0x005387E3+2852835]
Ordinal0 [0x00425BB1+1727409]
Ordinal0 [0x002FE4B9+517305]
Ordinal0 [0x00290BA0+68512]
Ordinal0 [0x0028D3A0+54176]
Ordinal0 [0x002AD9F7+186871]
Ordinal0 [0x002AD7FD+186365]
Ordinal0 [0x002AB70B+177931]
Ordinal0 [0x00292584+75140]
Ordinal0 [0x00293650+79440]
Ordinal0 [0x002935E9+79337]
Ordinal0 [0x0043AD5C+1813852]
GetHandleVerifier [0x0065C616+1075574]
GetHandleVerifier [0x0065C367+1074887]
GetHandleVerifier [0x00667497+1120247]
GetHandleVerifier [0x0065CC16+1077110]
Ordinal0 [0x00433206+1782278]
Ordinal0 [0x0043C3BB+1819579]
Ordinal0 [0x0043C523+1819939]
Ordinal0 [0x00452B45+1911621]
BaseThreadInitThunk [0x76CD6359+25]
RtlGetAppContainerNamedObjectPath [0x774D7C24+228]
RtlGetAppContainerNamedObjectPath [0x774D7BF4+180]

at java.base/jdk.internal.reflect.NativeConstructorAccessorImpl.newInstance0(Native Method)
at java.base/jdk.internal.reflect.NativeConstructorAccessorImpl.newInstance(NativeConstructorAccessorImpl.java:62)
at java.base/jdk.internal.reflect.DelegatingConstructorAccessorImpl.newInstance(DelegatingConstructorAccessorImpl.java:45)
at java.base/java.lang.reflect.Constructor.newInstance(Constructor.java:490)
at org.openqa.selenium.remote.W3CHandshakeResponse.lambda$errorHandler$0(W3CHandshakeResponse.java:62)
at org.openqa.selenium.remote.HandshakeResponse.lambda$getResponseFunction$0(HandshakeResponse.java:30)
at org.openqa.selenium.remote.ProtocolHandshake.lambda$createSession$0(ProtocolHandshake.java:126)
at java.base/java.util.stream.ReferencePipeline$3$1.accept(ReferencePipeline.java:195)
at java.base/java.util.Spliterators$ArraySpliterator.tryAdvance(Spliterators.java:958)
at java.base/java.util.stream.ReferencePipeline.forEachWithCancel(ReferencePipeline.java:127)
at java.base/java.util.stream.AbstractPipeline.copyIntoWithCancel(AbstractPipeline.java:502)
at java.base/java.util.stream.AbstractPipeline.copyInto(AbstractPipeline.java:488)
at java.base/java.util.stream.AbstractPipeline.wrapAndCopyInto(AbstractPipeline.java:474)
at java.base/java.util.stream.FindOps$FindOp.evaluateSequential(FindOps.java:150)
at java.base/java.util.stream.AbstractPipeline.evaluate(AbstractPipeline.java:234)
at java.base/java.util.stream.ReferencePipeline.findFirst(ReferencePipeline.java:543)
at org.openqa.selenium.remote.ProtocolHandshake.createSession(ProtocolHandshake.java:128)
at org.openqa.selenium.remote.ProtocolHandshake.createSession(ProtocolHandshake.java:74)
at org.openqa.selenium.remote.HttpCommandExecutor.execute(HttpCommandExecutor.java:136)
at org.openqa.selenium.remote.service.DriverCommandExecutor.execute(DriverCommandExecutor.java:83)
at org.openqa.selenium.remote.RemoteWebDriver.execute(RemoteWebDriver.java:552)
at org.openqa.selenium.remote.RemoteWebDriver.startSession(RemoteWebDriver.java:213)
at org.openqa.selenium.remote.RemoteWebDriver.<init>(RemoteWebDriver.java:131)
at org.openqa.selenium.chrome.ChromeDriver.<init>(ChromeDriver.java:181)
at org.openqa.selenium.chrome.ChromeDriver.<init>(ChromeDriver.java:168)
at org.openqa.selenium.chrome.ChromeDriver.<init>(ChromeDriver.java:123)
at StepsDefine.genericFunctions.chrome_browser_is_open(genericFunctions.java:46)
at ✽.chrome browser is open(classpath:features/exelonChatbotChrome.feature:10)
]]>
            </full-stacktrace>
          </exception> <!-- org.openqa.selenium.SessionNotCreatedException -->
          <reporter-output>
          </reporter-output>
        </test-method> <!-- runScenario -->
        <test-method signature="runScenario(io.cucumber.testng.PickleWrapper, io.cucumber.testng.FeatureWrapper)[pri:0, instance:com.cucumber.runner.sharpRunner@1283bb96]" started-at="2020-10-22T13:31:57 IST" name="runScenario" description="Runs Cucumber Scenarios" data-provider="scenarios" finished-at="2020-10-22T13:31:59 IST" duration-ms="1194" status="FAIL">
          <params>
            <param index="0">
              <value>
                <![CDATA["Chrome: Open exelon web application, load chatbot and navigate through menus"]]>
              </value>
            </param>
            <param index="1">
              <value>
                <![CDATA["Optional[Feature to test exelon chatbot application test cases]"]]>
              </value>
            </param>
          </params>
          <exception class="org.openqa.selenium.SessionNotCreatedException">
            <message>
              <![CDATA[session not created: This version of ChromeDriver only supports Chrome version 84
Build info: version: '3.141.59', revision: 'e82be7d358', time: '2018-11-14T08:17:03'
System info: host: 'DESKTOP-P9BL872', ip: '192.168.1.146', os.name: 'Windows 10', os.arch: 'amd64', os.version: '10.0', java.version: '11.0.8'
Driver info: driver.version: ChromeDriver
remote stacktrace: Backtrace:
Ordinal0 [0x005387E3+2852835]
Ordinal0 [0x00425BB1+1727409]
Ordinal0 [0x002FE4B9+517305]
Ordinal0 [0x00290BA0+68512]
Ordinal0 [0x0028D3A0+54176]
Ordinal0 [0x002AD9F7+186871]
Ordinal0 [0x002AD7FD+186365]
Ordinal0 [0x002AB70B+177931]
Ordinal0 [0x00292584+75140]
Ordinal0 [0x00293650+79440]
Ordinal0 [0x002935E9+79337]
Ordinal0 [0x0043AD5C+1813852]
GetHandleVerifier [0x0065C616+1075574]
GetHandleVerifier [0x0065C367+1074887]
GetHandleVerifier [0x00667497+1120247]
GetHandleVerifier [0x0065CC16+1077110]
Ordinal0 [0x00433206+1782278]
Ordinal0 [0x0043C3BB+1819579]
Ordinal0 [0x0043C523+1819939]
Ordinal0 [0x00452B45+1911621]
BaseThreadInitThunk [0x76CD6359+25]
RtlGetAppContainerNamedObjectPath [0x774D7C24+228]
RtlGetAppContainerNamedObjectPath [0x774D7BF4+180]
]]>
            </message>
            <full-stacktrace>
              <![CDATA[org.openqa.selenium.SessionNotCreatedException: session not created: This version of ChromeDriver only supports Chrome version 84
Build info: version: '3.141.59', revision: 'e82be7d358', time: '2018-11-14T08:17:03'
System info: host: 'DESKTOP-P9BL872', ip: '192.168.1.146', os.name: 'Windows 10', os.arch: 'amd64', os.version: '10.0', java.version: '11.0.8'
Driver info: driver.version: ChromeDriver
remote stacktrace: Backtrace:
Ordinal0 [0x005387E3+2852835]
Ordinal0 [0x00425BB1+1727409]
Ordinal0 [0x002FE4B9+517305]
Ordinal0 [0x00290BA0+68512]
Ordinal0 [0x0028D3A0+54176]
Ordinal0 [0x002AD9F7+186871]
Ordinal0 [0x002AD7FD+186365]
Ordinal0 [0x002AB70B+177931]
Ordinal0 [0x00292584+75140]
Ordinal0 [0x00293650+79440]
Ordinal0 [0x002935E9+79337]
Ordinal0 [0x0043AD5C+1813852]
GetHandleVerifier [0x0065C616+1075574]
GetHandleVerifier [0x0065C367+1074887]
GetHandleVerifier [0x00667497+1120247]
GetHandleVerifier [0x0065CC16+1077110]
Ordinal0 [0x00433206+1782278]
Ordinal0 [0x0043C3BB+1819579]
Ordinal0 [0x0043C523+1819939]
Ordinal0 [0x00452B45+1911621]
BaseThreadInitThunk [0x76CD6359+25]
RtlGetAppContainerNamedObjectPath [0x774D7C24+228]
RtlGetAppContainerNamedObjectPath [0x774D7BF4+180]

at java.base/jdk.internal.reflect.NativeConstructorAccessorImpl.newInstance0(Native Method)
at java.base/jdk.internal.reflect.NativeConstructorAccessorImpl.newInstance(NativeConstructorAccessorImpl.java:62)
at java.base/jdk.internal.reflect.DelegatingConstructorAccessorImpl.newInstance(DelegatingConstructorAccessorImpl.java:45)
at java.base/java.lang.reflect.Constructor.newInstance(Constructor.java:490)
at org.openqa.selenium.remote.W3CHandshakeResponse.lambda$errorHandler$0(W3CHandshakeResponse.java:62)
at org.openqa.selenium.remote.HandshakeResponse.lambda$getResponseFunction$0(HandshakeResponse.java:30)
at org.openqa.selenium.remote.ProtocolHandshake.lambda$createSession$0(ProtocolHandshake.java:126)
at java.base/java.util.stream.ReferencePipeline$3$1.accept(ReferencePipeline.java:195)
at java.base/java.util.Spliterators$ArraySpliterator.tryAdvance(Spliterators.java:958)
at java.base/java.util.stream.ReferencePipeline.forEachWithCancel(ReferencePipeline.java:127)
at java.base/java.util.stream.AbstractPipeline.copyIntoWithCancel(AbstractPipeline.java:502)
at java.base/java.util.stream.AbstractPipeline.copyInto(AbstractPipeline.java:488)
at java.base/java.util.stream.AbstractPipeline.wrapAndCopyInto(AbstractPipeline.java:474)
at java.base/java.util.stream.FindOps$FindOp.evaluateSequential(FindOps.java:150)
at java.base/java.util.stream.AbstractPipeline.evaluate(AbstractPipeline.java:234)
at java.base/java.util.stream.ReferencePipeline.findFirst(ReferencePipeline.java:543)
at org.openqa.selenium.remote.ProtocolHandshake.createSession(ProtocolHandshake.java:128)
at org.openqa.selenium.remote.ProtocolHandshake.createSession(ProtocolHandshake.java:74)
at org.openqa.selenium.remote.HttpCommandExecutor.execute(HttpCommandExecutor.java:136)
at org.openqa.selenium.remote.service.DriverCommandExecutor.execute(DriverCommandExecutor.java:83)
at org.openqa.selenium.remote.RemoteWebDriver.execute(RemoteWebDriver.java:552)
at org.openqa.selenium.remote.RemoteWebDriver.startSession(RemoteWebDriver.java:213)
at org.openqa.selenium.remote.RemoteWebDriver.<init>(RemoteWebDriver.java:131)
at org.openqa.selenium.chrome.ChromeDriver.<init>(ChromeDriver.java:181)
at org.openqa.selenium.chrome.ChromeDriver.<init>(ChromeDriver.java:168)
at org.openqa.selenium.chrome.ChromeDriver.<init>(ChromeDriver.java:123)
at StepsDefine.genericFunctions.chrome_browser_is_open(genericFunctions.java:46)
at ✽.chrome browser is open(classpath:features/exelonChatbotChrome.feature:10)
]]>
            </full-stacktrace>
          </exception> <!-- org.openqa.selenium.SessionNotCreatedException -->
          <reporter-output>
          </reporter-output>
        </test-method> <!-- runScenario -->
        <test-method signature="runScenario(io.cucumber.testng.PickleWrapper, io.cucumber.testng.FeatureWrapper)[pri:0, instance:com.cucumber.runner.sharpRunner@1283bb96]" started-at="2020-10-22T13:31:59 IST" name="runScenario" description="Runs Cucumber Scenarios" data-provider="scenarios" finished-at="2020-10-22T13:32:00 IST" duration-ms="1122" status="FAIL">
          <params>
            <param index="0">
              <value>
                <![CDATA["Chrome: Open exelon web application, load chatbot and navigate through menus"]]>
              </value>
            </param>
            <param index="1">
              <value>
                <![CDATA["Optional[Feature to test exelon chatbot application test cases]"]]>
              </value>
            </param>
          </params>
          <exception class="org.openqa.selenium.SessionNotCreatedException">
            <message>
              <![CDATA[session not created: This version of ChromeDriver only supports Chrome version 84
Build info: version: '3.141.59', revision: 'e82be7d358', time: '2018-11-14T08:17:03'
System info: host: 'DESKTOP-P9BL872', ip: '192.168.1.146', os.name: 'Windows 10', os.arch: 'amd64', os.version: '10.0', java.version: '11.0.8'
Driver info: driver.version: ChromeDriver
remote stacktrace: Backtrace:
Ordinal0 [0x005387E3+2852835]
Ordinal0 [0x00425BB1+1727409]
Ordinal0 [0x002FE4B9+517305]
Ordinal0 [0x00290BA0+68512]
Ordinal0 [0x0028D3A0+54176]
Ordinal0 [0x002AD9F7+186871]
Ordinal0 [0x002AD7FD+186365]
Ordinal0 [0x002AB70B+177931]
Ordinal0 [0x00292584+75140]
Ordinal0 [0x00293650+79440]
Ordinal0 [0x002935E9+79337]
Ordinal0 [0x0043AD5C+1813852]
GetHandleVerifier [0x0065C616+1075574]
GetHandleVerifier [0x0065C367+1074887]
GetHandleVerifier [0x00667497+1120247]
GetHandleVerifier [0x0065CC16+1077110]
Ordinal0 [0x00433206+1782278]
Ordinal0 [0x0043C3BB+1819579]
Ordinal0 [0x0043C523+1819939]
Ordinal0 [0x00452B45+1911621]
BaseThreadInitThunk [0x76CD6359+25]
RtlGetAppContainerNamedObjectPath [0x774D7C24+228]
RtlGetAppContainerNamedObjectPath [0x774D7BF4+180]
]]>
            </message>
            <full-stacktrace>
              <![CDATA[org.openqa.selenium.SessionNotCreatedException: session not created: This version of ChromeDriver only supports Chrome version 84
Build info: version: '3.141.59', revision: 'e82be7d358', time: '2018-11-14T08:17:03'
System info: host: 'DESKTOP-P9BL872', ip: '192.168.1.146', os.name: 'Windows 10', os.arch: 'amd64', os.version: '10.0', java.version: '11.0.8'
Driver info: driver.version: ChromeDriver
remote stacktrace: Backtrace:
Ordinal0 [0x005387E3+2852835]
Ordinal0 [0x00425BB1+1727409]
Ordinal0 [0x002FE4B9+517305]
Ordinal0 [0x00290BA0+68512]
Ordinal0 [0x0028D3A0+54176]
Ordinal0 [0x002AD9F7+186871]
Ordinal0 [0x002AD7FD+186365]
Ordinal0 [0x002AB70B+177931]
Ordinal0 [0x00292584+75140]
Ordinal0 [0x00293650+79440]
Ordinal0 [0x002935E9+79337]
Ordinal0 [0x0043AD5C+1813852]
GetHandleVerifier [0x0065C616+1075574]
GetHandleVerifier [0x0065C367+1074887]
GetHandleVerifier [0x00667497+1120247]
GetHandleVerifier [0x0065CC16+1077110]
Ordinal0 [0x00433206+1782278]
Ordinal0 [0x0043C3BB+1819579]
Ordinal0 [0x0043C523+1819939]
Ordinal0 [0x00452B45+1911621]
BaseThreadInitThunk [0x76CD6359+25]
RtlGetAppContainerNamedObjectPath [0x774D7C24+228]
RtlGetAppContainerNamedObjectPath [0x774D7BF4+180]

at java.base/jdk.internal.reflect.NativeConstructorAccessorImpl.newInstance0(Native Method)
at java.base/jdk.internal.reflect.NativeConstructorAccessorImpl.newInstance(NativeConstructorAccessorImpl.java:62)
at java.base/jdk.internal.reflect.DelegatingConstructorAccessorImpl.newInstance(DelegatingConstructorAccessorImpl.java:45)
at java.base/java.lang.reflect.Constructor.newInstance(Constructor.java:490)
at org.openqa.selenium.remote.W3CHandshakeResponse.lambda$errorHandler$0(W3CHandshakeResponse.java:62)
at org.openqa.selenium.remote.HandshakeResponse.lambda$getResponseFunction$0(HandshakeResponse.java:30)
at org.openqa.selenium.remote.ProtocolHandshake.lambda$createSession$0(ProtocolHandshake.java:126)
at java.base/java.util.stream.ReferencePipeline$3$1.accept(ReferencePipeline.java:195)
at java.base/java.util.Spliterators$ArraySpliterator.tryAdvance(Spliterators.java:958)
at java.base/java.util.stream.ReferencePipeline.forEachWithCancel(ReferencePipeline.java:127)
at java.base/java.util.stream.AbstractPipeline.copyIntoWithCancel(AbstractPipeline.java:502)
at java.base/java.util.stream.AbstractPipeline.copyInto(AbstractPipeline.java:488)
at java.base/java.util.stream.AbstractPipeline.wrapAndCopyInto(AbstractPipeline.java:474)
at java.base/java.util.stream.FindOps$FindOp.evaluateSequential(FindOps.java:150)
at java.base/java.util.stream.AbstractPipeline.evaluate(AbstractPipeline.java:234)
at java.base/java.util.stream.ReferencePipeline.findFirst(ReferencePipeline.java:543)
at org.openqa.selenium.remote.ProtocolHandshake.createSession(ProtocolHandshake.java:128)
at org.openqa.selenium.remote.ProtocolHandshake.createSession(ProtocolHandshake.java:74)
at org.openqa.selenium.remote.HttpCommandExecutor.execute(HttpCommandExecutor.java:136)
at org.openqa.selenium.remote.service.DriverCommandExecutor.execute(DriverCommandExecutor.java:83)
at org.openqa.selenium.remote.RemoteWebDriver.execute(RemoteWebDriver.java:552)
at org.openqa.selenium.remote.RemoteWebDriver.startSession(RemoteWebDriver.java:213)
at org.openqa.selenium.remote.RemoteWebDriver.<init>(RemoteWebDriver.java:131)
at org.openqa.selenium.chrome.ChromeDriver.<init>(ChromeDriver.java:181)
at org.openqa.selenium.chrome.ChromeDriver.<init>(ChromeDriver.java:168)
at org.openqa.selenium.chrome.ChromeDriver.<init>(ChromeDriver.java:123)
at StepsDefine.genericFunctions.chrome_browser_is_open(genericFunctions.java:46)
at ✽.chrome browser is open(classpath:features/exelonChatbotChrome.feature:10)
]]>
            </full-stacktrace>
          </exception> <!-- org.openqa.selenium.SessionNotCreatedException -->
          <reporter-output>
          </reporter-output>
        </test-method> <!-- runScenario -->
        <test-method signature="runScenario(io.cucumber.testng.PickleWrapper, io.cucumber.testng.FeatureWrapper)[pri:0, instance:com.cucumber.runner.sharpRunner@1283bb96]" started-at="2020-10-22T13:32:00 IST" name="runScenario" description="Runs Cucumber Scenarios" data-provider="scenarios" finished-at="2020-10-22T13:32:01 IST" duration-ms="1148" status="FAIL">
          <params>
            <param index="0">
              <value>
                <![CDATA["Chrome: Open exelon web application, load chatbot and navigate through menus"]]>
              </value>
            </param>
            <param index="1">
              <value>
                <![CDATA["Optional[Feature to test exelon chatbot application test cases]"]]>
              </value>
            </param>
          </params>
          <exception class="org.openqa.selenium.SessionNotCreatedException">
            <message>
              <![CDATA[session not created: This version of ChromeDriver only supports Chrome version 84
Build info: version: '3.141.59', revision: 'e82be7d358', time: '2018-11-14T08:17:03'
System info: host: 'DESKTOP-P9BL872', ip: '192.168.1.146', os.name: 'Windows 10', os.arch: 'amd64', os.version: '10.0', java.version: '11.0.8'
Driver info: driver.version: ChromeDriver
remote stacktrace: Backtrace:
Ordinal0 [0x005387E3+2852835]
Ordinal0 [0x00425BB1+1727409]
Ordinal0 [0x002FE4B9+517305]
Ordinal0 [0x00290BA0+68512]
Ordinal0 [0x0028D3A0+54176]
Ordinal0 [0x002AD9F7+186871]
Ordinal0 [0x002AD7FD+186365]
Ordinal0 [0x002AB70B+177931]
Ordinal0 [0x00292584+75140]
Ordinal0 [0x00293650+79440]
Ordinal0 [0x002935E9+79337]
Ordinal0 [0x0043AD5C+1813852]
GetHandleVerifier [0x0065C616+1075574]
GetHandleVerifier [0x0065C367+1074887]
GetHandleVerifier [0x00667497+1120247]
GetHandleVerifier [0x0065CC16+1077110]
Ordinal0 [0x00433206+1782278]
Ordinal0 [0x0043C3BB+1819579]
Ordinal0 [0x0043C523+1819939]
Ordinal0 [0x00452B45+1911621]
BaseThreadInitThunk [0x76CD6359+25]
RtlGetAppContainerNamedObjectPath [0x774D7C24+228]
RtlGetAppContainerNamedObjectPath [0x774D7BF4+180]
]]>
            </message>
            <full-stacktrace>
              <![CDATA[org.openqa.selenium.SessionNotCreatedException: session not created: This version of ChromeDriver only supports Chrome version 84
Build info: version: '3.141.59', revision: 'e82be7d358', time: '2018-11-14T08:17:03'
System info: host: 'DESKTOP-P9BL872', ip: '192.168.1.146', os.name: 'Windows 10', os.arch: 'amd64', os.version: '10.0', java.version: '11.0.8'
Driver info: driver.version: ChromeDriver
remote stacktrace: Backtrace:
Ordinal0 [0x005387E3+2852835]
Ordinal0 [0x00425BB1+1727409]
Ordinal0 [0x002FE4B9+517305]
Ordinal0 [0x00290BA0+68512]
Ordinal0 [0x0028D3A0+54176]
Ordinal0 [0x002AD9F7+186871]
Ordinal0 [0x002AD7FD+186365]
Ordinal0 [0x002AB70B+177931]
Ordinal0 [0x00292584+75140]
Ordinal0 [0x00293650+79440]
Ordinal0 [0x002935E9+79337]
Ordinal0 [0x0043AD5C+1813852]
GetHandleVerifier [0x0065C616+1075574]
GetHandleVerifier [0x0065C367+1074887]
GetHandleVerifier [0x00667497+1120247]
GetHandleVerifier [0x0065CC16+1077110]
Ordinal0 [0x00433206+1782278]
Ordinal0 [0x0043C3BB+1819579]
Ordinal0 [0x0043C523+1819939]
Ordinal0 [0x00452B45+1911621]
BaseThreadInitThunk [0x76CD6359+25]
RtlGetAppContainerNamedObjectPath [0x774D7C24+228]
RtlGetAppContainerNamedObjectPath [0x774D7BF4+180]

at java.base/jdk.internal.reflect.NativeConstructorAccessorImpl.newInstance0(Native Method)
at java.base/jdk.internal.reflect.NativeConstructorAccessorImpl.newInstance(NativeConstructorAccessorImpl.java:62)
at java.base/jdk.internal.reflect.DelegatingConstructorAccessorImpl.newInstance(DelegatingConstructorAccessorImpl.java:45)
at java.base/java.lang.reflect.Constructor.newInstance(Constructor.java:490)
at org.openqa.selenium.remote.W3CHandshakeResponse.lambda$errorHandler$0(W3CHandshakeResponse.java:62)
at org.openqa.selenium.remote.HandshakeResponse.lambda$getResponseFunction$0(HandshakeResponse.java:30)
at org.openqa.selenium.remote.ProtocolHandshake.lambda$createSession$0(ProtocolHandshake.java:126)
at java.base/java.util.stream.ReferencePipeline$3$1.accept(ReferencePipeline.java:195)
at java.base/java.util.Spliterators$ArraySpliterator.tryAdvance(Spliterators.java:958)
at java.base/java.util.stream.ReferencePipeline.forEachWithCancel(ReferencePipeline.java:127)
at java.base/java.util.stream.AbstractPipeline.copyIntoWithCancel(AbstractPipeline.java:502)
at java.base/java.util.stream.AbstractPipeline.copyInto(AbstractPipeline.java:488)
at java.base/java.util.stream.AbstractPipeline.wrapAndCopyInto(AbstractPipeline.java:474)
at java.base/java.util.stream.FindOps$FindOp.evaluateSequential(FindOps.java:150)
at java.base/java.util.stream.AbstractPipeline.evaluate(AbstractPipeline.java:234)
at java.base/java.util.stream.ReferencePipeline.findFirst(ReferencePipeline.java:543)
at org.openqa.selenium.remote.ProtocolHandshake.createSession(ProtocolHandshake.java:128)
at org.openqa.selenium.remote.ProtocolHandshake.createSession(ProtocolHandshake.java:74)
at org.openqa.selenium.remote.HttpCommandExecutor.execute(HttpCommandExecutor.java:136)
at org.openqa.selenium.remote.service.DriverCommandExecutor.execute(DriverCommandExecutor.java:83)
at org.openqa.selenium.remote.RemoteWebDriver.execute(RemoteWebDriver.java:552)
at org.openqa.selenium.remote.RemoteWebDriver.startSession(RemoteWebDriver.java:213)
at org.openqa.selenium.remote.RemoteWebDriver.<init>(RemoteWebDriver.java:131)
at org.openqa.selenium.chrome.ChromeDriver.<init>(ChromeDriver.java:181)
at org.openqa.selenium.chrome.ChromeDriver.<init>(ChromeDriver.java:168)
at org.openqa.selenium.chrome.ChromeDriver.<init>(ChromeDriver.java:123)
at StepsDefine.genericFunctions.chrome_browser_is_open(genericFunctions.java:46)
at ✽.chrome browser is open(classpath:features/exelonChatbotChrome.feature:10)
]]>
            </full-stacktrace>
          </exception> <!-- org.openqa.selenium.SessionNotCreatedException -->
          <reporter-output>
          </reporter-output>
        </test-method> <!-- runScenario -->
        <test-method signature="runScenario(io.cucumber.testng.PickleWrapper, io.cucumber.testng.FeatureWrapper)[pri:0, instance:com.cucumber.runner.sharpRunner@1283bb96]" started-at="2020-10-22T13:32:01 IST" name="runScenario" description="Runs Cucumber Scenarios" data-provider="scenarios" finished-at="2020-10-22T13:32:02 IST" duration-ms="1118" status="FAIL">
          <params>
            <param index="0">
              <value>
                <![CDATA["Chrome: Open exelon web application, load chatbot and navigate through menus"]]>
              </value>
            </param>
            <param index="1">
              <value>
                <![CDATA["Optional[Feature to test exelon chatbot application test cases]"]]>
              </value>
            </param>
          </params>
          <exception class="org.openqa.selenium.SessionNotCreatedException">
            <message>
              <![CDATA[session not created: This version of ChromeDriver only supports Chrome version 84
Build info: version: '3.141.59', revision: 'e82be7d358', time: '2018-11-14T08:17:03'
System info: host: 'DESKTOP-P9BL872', ip: '192.168.1.146', os.name: 'Windows 10', os.arch: 'amd64', os.version: '10.0', java.version: '11.0.8'
Driver info: driver.version: ChromeDriver
remote stacktrace: Backtrace:
Ordinal0 [0x005387E3+2852835]
Ordinal0 [0x00425BB1+1727409]
Ordinal0 [0x002FE4B9+517305]
Ordinal0 [0x00290BA0+68512]
Ordinal0 [0x0028D3A0+54176]
Ordinal0 [0x002AD9F7+186871]
Ordinal0 [0x002AD7FD+186365]
Ordinal0 [0x002AB70B+177931]
Ordinal0 [0x00292584+75140]
Ordinal0 [0x00293650+79440]
Ordinal0 [0x002935E9+79337]
Ordinal0 [0x0043AD5C+1813852]
GetHandleVerifier [0x0065C616+1075574]
GetHandleVerifier [0x0065C367+1074887]
GetHandleVerifier [0x00667497+1120247]
GetHandleVerifier [0x0065CC16+1077110]
Ordinal0 [0x00433206+1782278]
Ordinal0 [0x0043C3BB+1819579]
Ordinal0 [0x0043C523+1819939]
Ordinal0 [0x00452B45+1911621]
BaseThreadInitThunk [0x76CD6359+25]
RtlGetAppContainerNamedObjectPath [0x774D7C24+228]
RtlGetAppContainerNamedObjectPath [0x774D7BF4+180]
]]>
            </message>
            <full-stacktrace>
              <![CDATA[org.openqa.selenium.SessionNotCreatedException: session not created: This version of ChromeDriver only supports Chrome version 84
Build info: version: '3.141.59', revision: 'e82be7d358', time: '2018-11-14T08:17:03'
System info: host: 'DESKTOP-P9BL872', ip: '192.168.1.146', os.name: 'Windows 10', os.arch: 'amd64', os.version: '10.0', java.version: '11.0.8'
Driver info: driver.version: ChromeDriver
remote stacktrace: Backtrace:
Ordinal0 [0x005387E3+2852835]
Ordinal0 [0x00425BB1+1727409]
Ordinal0 [0x002FE4B9+517305]
Ordinal0 [0x00290BA0+68512]
Ordinal0 [0x0028D3A0+54176]
Ordinal0 [0x002AD9F7+186871]
Ordinal0 [0x002AD7FD+186365]
Ordinal0 [0x002AB70B+177931]
Ordinal0 [0x00292584+75140]
Ordinal0 [0x00293650+79440]
Ordinal0 [0x002935E9+79337]
Ordinal0 [0x0043AD5C+1813852]
GetHandleVerifier [0x0065C616+1075574]
GetHandleVerifier [0x0065C367+1074887]
GetHandleVerifier [0x00667497+1120247]
GetHandleVerifier [0x0065CC16+1077110]
Ordinal0 [0x00433206+1782278]
Ordinal0 [0x0043C3BB+1819579]
Ordinal0 [0x0043C523+1819939]
Ordinal0 [0x00452B45+1911621]
BaseThreadInitThunk [0x76CD6359+25]
RtlGetAppContainerNamedObjectPath [0x774D7C24+228]
RtlGetAppContainerNamedObjectPath [0x774D7BF4+180]

at java.base/jdk.internal.reflect.NativeConstructorAccessorImpl.newInstance0(Native Method)
at java.base/jdk.internal.reflect.NativeConstructorAccessorImpl.newInstance(NativeConstructorAccessorImpl.java:62)
at java.base/jdk.internal.reflect.DelegatingConstructorAccessorImpl.newInstance(DelegatingConstructorAccessorImpl.java:45)
at java.base/java.lang.reflect.Constructor.newInstance(Constructor.java:490)
at org.openqa.selenium.remote.W3CHandshakeResponse.lambda$errorHandler$0(W3CHandshakeResponse.java:62)
at org.openqa.selenium.remote.HandshakeResponse.lambda$getResponseFunction$0(HandshakeResponse.java:30)
at org.openqa.selenium.remote.ProtocolHandshake.lambda$createSession$0(ProtocolHandshake.java:126)
at java.base/java.util.stream.ReferencePipeline$3$1.accept(ReferencePipeline.java:195)
at java.base/java.util.Spliterators$ArraySpliterator.tryAdvance(Spliterators.java:958)
at java.base/java.util.stream.ReferencePipeline.forEachWithCancel(ReferencePipeline.java:127)
at java.base/java.util.stream.AbstractPipeline.copyIntoWithCancel(AbstractPipeline.java:502)
at java.base/java.util.stream.AbstractPipeline.copyInto(AbstractPipeline.java:488)
at java.base/java.util.stream.AbstractPipeline.wrapAndCopyInto(AbstractPipeline.java:474)
at java.base/java.util.stream.FindOps$FindOp.evaluateSequential(FindOps.java:150)
at java.base/java.util.stream.AbstractPipeline.evaluate(AbstractPipeline.java:234)
at java.base/java.util.stream.ReferencePipeline.findFirst(ReferencePipeline.java:543)
at org.openqa.selenium.remote.ProtocolHandshake.createSession(ProtocolHandshake.java:128)
at org.openqa.selenium.remote.ProtocolHandshake.createSession(ProtocolHandshake.java:74)
at org.openqa.selenium.remote.HttpCommandExecutor.execute(HttpCommandExecutor.java:136)
at org.openqa.selenium.remote.service.DriverCommandExecutor.execute(DriverCommandExecutor.java:83)
at org.openqa.selenium.remote.RemoteWebDriver.execute(RemoteWebDriver.java:552)
at org.openqa.selenium.remote.RemoteWebDriver.startSession(RemoteWebDriver.java:213)
at org.openqa.selenium.remote.RemoteWebDriver.<init>(RemoteWebDriver.java:131)
at org.openqa.selenium.chrome.ChromeDriver.<init>(ChromeDriver.java:181)
at org.openqa.selenium.chrome.ChromeDriver.<init>(ChromeDriver.java:168)
at org.openqa.selenium.chrome.ChromeDriver.<init>(ChromeDriver.java:123)
at StepsDefine.genericFunctions.chrome_browser_is_open(genericFunctions.java:46)
at ✽.chrome browser is open(classpath:features/exelonChatbotChrome.feature:10)
]]>
            </full-stacktrace>
          </exception> <!-- org.openqa.selenium.SessionNotCreatedException -->
          <reporter-output>
          </reporter-output>
        </test-method> <!-- runScenario -->
        <test-method signature="runScenario(io.cucumber.testng.PickleWrapper, io.cucumber.testng.FeatureWrapper)[pri:0, instance:com.cucumber.runner.sharpRunner@1283bb96]" started-at="2020-10-22T13:32:02 IST" name="runScenario" description="Runs Cucumber Scenarios" data-provider="scenarios" finished-at="2020-10-22T13:32:04 IST" duration-ms="2211" status="FAIL">
          <params>
            <param index="0">
              <value>
                <![CDATA["Chrome: Open chat bot and pay bill via chat"]]>
              </value>
            </param>
            <param index="1">
              <value>
                <![CDATA["Optional[Feature to test exelon chatbot application test cases]"]]>
              </value>
            </param>
          </params>
          <exception class="org.openqa.selenium.SessionNotCreatedException">
            <message>
              <![CDATA[session not created: This version of ChromeDriver only supports Chrome version 84
Build info: version: '3.141.59', revision: 'e82be7d358', time: '2018-11-14T08:17:03'
System info: host: 'DESKTOP-P9BL872', ip: '192.168.1.146', os.name: 'Windows 10', os.arch: 'amd64', os.version: '10.0', java.version: '11.0.8'
Driver info: driver.version: ChromeDriver
remote stacktrace: Backtrace:
Ordinal0 [0x005387E3+2852835]
Ordinal0 [0x00425BB1+1727409]
Ordinal0 [0x002FE4B9+517305]
Ordinal0 [0x00290BA0+68512]
Ordinal0 [0x0028D3A0+54176]
Ordinal0 [0x002AD9F7+186871]
Ordinal0 [0x002AD7FD+186365]
Ordinal0 [0x002AB70B+177931]
Ordinal0 [0x00292584+75140]
Ordinal0 [0x00293650+79440]
Ordinal0 [0x002935E9+79337]
Ordinal0 [0x0043AD5C+1813852]
GetHandleVerifier [0x0065C616+1075574]
GetHandleVerifier [0x0065C367+1074887]
GetHandleVerifier [0x00667497+1120247]
GetHandleVerifier [0x0065CC16+1077110]
Ordinal0 [0x00433206+1782278]
Ordinal0 [0x0043C3BB+1819579]
Ordinal0 [0x0043C523+1819939]
Ordinal0 [0x00452B45+1911621]
BaseThreadInitThunk [0x76CD6359+25]
RtlGetAppContainerNamedObjectPath [0x774D7C24+228]
RtlGetAppContainerNamedObjectPath [0x774D7BF4+180]
]]>
            </message>
            <full-stacktrace>
              <![CDATA[org.openqa.selenium.SessionNotCreatedException: session not created: This version of ChromeDriver only supports Chrome version 84
Build info: version: '3.141.59', revision: 'e82be7d358', time: '2018-11-14T08:17:03'
System info: host: 'DESKTOP-P9BL872', ip: '192.168.1.146', os.name: 'Windows 10', os.arch: 'amd64', os.version: '10.0', java.version: '11.0.8'
Driver info: driver.version: ChromeDriver
remote stacktrace: Backtrace:
Ordinal0 [0x005387E3+2852835]
Ordinal0 [0x00425BB1+1727409]
Ordinal0 [0x002FE4B9+517305]
Ordinal0 [0x00290BA0+68512]
Ordinal0 [0x0028D3A0+54176]
Ordinal0 [0x002AD9F7+186871]
Ordinal0 [0x002AD7FD+186365]
Ordinal0 [0x002AB70B+177931]
Ordinal0 [0x00292584+75140]
Ordinal0 [0x00293650+79440]
Ordinal0 [0x002935E9+79337]
Ordinal0 [0x0043AD5C+1813852]
GetHandleVerifier [0x0065C616+1075574]
GetHandleVerifier [0x0065C367+1074887]
GetHandleVerifier [0x00667497+1120247]
GetHandleVerifier [0x0065CC16+1077110]
Ordinal0 [0x00433206+1782278]
Ordinal0 [0x0043C3BB+1819579]
Ordinal0 [0x0043C523+1819939]
Ordinal0 [0x00452B45+1911621]
BaseThreadInitThunk [0x76CD6359+25]
RtlGetAppContainerNamedObjectPath [0x774D7C24+228]
RtlGetAppContainerNamedObjectPath [0x774D7BF4+180]

at java.base/jdk.internal.reflect.NativeConstructorAccessorImpl.newInstance0(Native Method)
at java.base/jdk.internal.reflect.NativeConstructorAccessorImpl.newInstance(NativeConstructorAccessorImpl.java:62)
at java.base/jdk.internal.reflect.DelegatingConstructorAccessorImpl.newInstance(DelegatingConstructorAccessorImpl.java:45)
at java.base/java.lang.reflect.Constructor.newInstance(Constructor.java:490)
at org.openqa.selenium.remote.W3CHandshakeResponse.lambda$errorHandler$0(W3CHandshakeResponse.java:62)
at org.openqa.selenium.remote.HandshakeResponse.lambda$getResponseFunction$0(HandshakeResponse.java:30)
at org.openqa.selenium.remote.ProtocolHandshake.lambda$createSession$0(ProtocolHandshake.java:126)
at java.base/java.util.stream.ReferencePipeline$3$1.accept(ReferencePipeline.java:195)
at java.base/java.util.Spliterators$ArraySpliterator.tryAdvance(Spliterators.java:958)
at java.base/java.util.stream.ReferencePipeline.forEachWithCancel(ReferencePipeline.java:127)
at java.base/java.util.stream.AbstractPipeline.copyIntoWithCancel(AbstractPipeline.java:502)
at java.base/java.util.stream.AbstractPipeline.copyInto(AbstractPipeline.java:488)
at java.base/java.util.stream.AbstractPipeline.wrapAndCopyInto(AbstractPipeline.java:474)
at java.base/java.util.stream.FindOps$FindOp.evaluateSequential(FindOps.java:150)
at java.base/java.util.stream.AbstractPipeline.evaluate(AbstractPipeline.java:234)
at java.base/java.util.stream.ReferencePipeline.findFirst(ReferencePipeline.java:543)
at org.openqa.selenium.remote.ProtocolHandshake.createSession(ProtocolHandshake.java:128)
at org.openqa.selenium.remote.ProtocolHandshake.createSession(ProtocolHandshake.java:74)
at org.openqa.selenium.remote.HttpCommandExecutor.execute(HttpCommandExecutor.java:136)
at org.openqa.selenium.remote.service.DriverCommandExecutor.execute(DriverCommandExecutor.java:83)
at org.openqa.selenium.remote.RemoteWebDriver.execute(RemoteWebDriver.java:552)
at org.openqa.selenium.remote.RemoteWebDriver.startSession(RemoteWebDriver.java:213)
at org.openqa.selenium.remote.RemoteWebDriver.<init>(RemoteWebDriver.java:131)
at org.openqa.selenium.chrome.ChromeDriver.<init>(ChromeDriver.java:181)
at org.openqa.selenium.chrome.ChromeDriver.<init>(ChromeDriver.java:168)
at org.openqa.selenium.chrome.ChromeDriver.<init>(ChromeDriver.java:123)
at StepsDefine.genericFunctions.chrome_browser_is_open(genericFunctions.java:46)
at ✽.chrome browser is open(classpath:features/exelonChatbotChrome.feature:35)
]]>
            </full-stacktrace>
          </exception> <!-- org.openqa.selenium.SessionNotCreatedException -->
          <reporter-output>
          </reporter-output>
        </test-method> <!-- runScenario -->
        <test-method signature="runScenario(io.cucumber.testng.PickleWrapper, io.cucumber.testng.FeatureWrapper)[pri:0, instance:com.cucumber.runner.sharpRunner@1283bb96]" started-at="2020-10-22T13:32:04 IST" name="runScenario" description="Runs Cucumber Scenarios" data-provider="scenarios" finished-at="2020-10-22T13:32:06 IST" duration-ms="1288" status="FAIL">
          <params>
            <param index="0">
              <value>
                <![CDATA["Chrome: Open chat bot and start service"]]>
              </value>
            </param>
            <param index="1">
              <value>
                <![CDATA["Optional[Feature to test exelon chatbot application test cases]"]]>
              </value>
            </param>
          </params>
          <exception class="org.openqa.selenium.SessionNotCreatedException">
            <message>
              <![CDATA[session not created: This version of ChromeDriver only supports Chrome version 84
Build info: version: '3.141.59', revision: 'e82be7d358', time: '2018-11-14T08:17:03'
System info: host: 'DESKTOP-P9BL872', ip: '192.168.1.146', os.name: 'Windows 10', os.arch: 'amd64', os.version: '10.0', java.version: '11.0.8'
Driver info: driver.version: ChromeDriver
remote stacktrace: Backtrace:
Ordinal0 [0x005387E3+2852835]
Ordinal0 [0x00425BB1+1727409]
Ordinal0 [0x002FE4B9+517305]
Ordinal0 [0x00290BA0+68512]
Ordinal0 [0x0028D3A0+54176]
Ordinal0 [0x002AD9F7+186871]
Ordinal0 [0x002AD7FD+186365]
Ordinal0 [0x002AB70B+177931]
Ordinal0 [0x00292584+75140]
Ordinal0 [0x00293650+79440]
Ordinal0 [0x002935E9+79337]
Ordinal0 [0x0043AD5C+1813852]
GetHandleVerifier [0x0065C616+1075574]
GetHandleVerifier [0x0065C367+1074887]
GetHandleVerifier [0x00667497+1120247]
GetHandleVerifier [0x0065CC16+1077110]
Ordinal0 [0x00433206+1782278]
Ordinal0 [0x0043C3BB+1819579]
Ordinal0 [0x0043C523+1819939]
Ordinal0 [0x00452B45+1911621]
BaseThreadInitThunk [0x76CD6359+25]
RtlGetAppContainerNamedObjectPath [0x774D7C24+228]
RtlGetAppContainerNamedObjectPath [0x774D7BF4+180]
]]>
            </message>
            <full-stacktrace>
              <![CDATA[org.openqa.selenium.SessionNotCreatedException: session not created: This version of ChromeDriver only supports Chrome version 84
Build info: version: '3.141.59', revision: 'e82be7d358', time: '2018-11-14T08:17:03'
System info: host: 'DESKTOP-P9BL872', ip: '192.168.1.146', os.name: 'Windows 10', os.arch: 'amd64', os.version: '10.0', java.version: '11.0.8'
Driver info: driver.version: ChromeDriver
remote stacktrace: Backtrace:
Ordinal0 [0x005387E3+2852835]
Ordinal0 [0x00425BB1+1727409]
Ordinal0 [0x002FE4B9+517305]
Ordinal0 [0x00290BA0+68512]
Ordinal0 [0x0028D3A0+54176]
Ordinal0 [0x002AD9F7+186871]
Ordinal0 [0x002AD7FD+186365]
Ordinal0 [0x002AB70B+177931]
Ordinal0 [0x00292584+75140]
Ordinal0 [0x00293650+79440]
Ordinal0 [0x002935E9+79337]
Ordinal0 [0x0043AD5C+1813852]
GetHandleVerifier [0x0065C616+1075574]
GetHandleVerifier [0x0065C367+1074887]
GetHandleVerifier [0x00667497+1120247]
GetHandleVerifier [0x0065CC16+1077110]
Ordinal0 [0x00433206+1782278]
Ordinal0 [0x0043C3BB+1819579]
Ordinal0 [0x0043C523+1819939]
Ordinal0 [0x00452B45+1911621]
BaseThreadInitThunk [0x76CD6359+25]
RtlGetAppContainerNamedObjectPath [0x774D7C24+228]
RtlGetAppContainerNamedObjectPath [0x774D7BF4+180]

at java.base/jdk.internal.reflect.NativeConstructorAccessorImpl.newInstance0(Native Method)
at java.base/jdk.internal.reflect.NativeConstructorAccessorImpl.newInstance(NativeConstructorAccessorImpl.java:62)
at java.base/jdk.internal.reflect.DelegatingConstructorAccessorImpl.newInstance(DelegatingConstructorAccessorImpl.java:45)
at java.base/java.lang.reflect.Constructor.newInstance(Constructor.java:490)
at org.openqa.selenium.remote.W3CHandshakeResponse.lambda$errorHandler$0(W3CHandshakeResponse.java:62)
at org.openqa.selenium.remote.HandshakeResponse.lambda$getResponseFunction$0(HandshakeResponse.java:30)
at org.openqa.selenium.remote.ProtocolHandshake.lambda$createSession$0(ProtocolHandshake.java:126)
at java.base/java.util.stream.ReferencePipeline$3$1.accept(ReferencePipeline.java:195)
at java.base/java.util.Spliterators$ArraySpliterator.tryAdvance(Spliterators.java:958)
at java.base/java.util.stream.ReferencePipeline.forEachWithCancel(ReferencePipeline.java:127)
at java.base/java.util.stream.AbstractPipeline.copyIntoWithCancel(AbstractPipeline.java:502)
at java.base/java.util.stream.AbstractPipeline.copyInto(AbstractPipeline.java:488)
at java.base/java.util.stream.AbstractPipeline.wrapAndCopyInto(AbstractPipeline.java:474)
at java.base/java.util.stream.FindOps$FindOp.evaluateSequential(FindOps.java:150)
at java.base/java.util.stream.AbstractPipeline.evaluate(AbstractPipeline.java:234)
at java.base/java.util.stream.ReferencePipeline.findFirst(ReferencePipeline.java:543)
at org.openqa.selenium.remote.ProtocolHandshake.createSession(ProtocolHandshake.java:128)
at org.openqa.selenium.remote.ProtocolHandshake.createSession(ProtocolHandshake.java:74)
at org.openqa.selenium.remote.HttpCommandExecutor.execute(HttpCommandExecutor.java:136)
at org.openqa.selenium.remote.service.DriverCommandExecutor.execute(DriverCommandExecutor.java:83)
at org.openqa.selenium.remote.RemoteWebDriver.execute(RemoteWebDriver.java:552)
at org.openqa.selenium.remote.RemoteWebDriver.startSession(RemoteWebDriver.java:213)
at org.openqa.selenium.remote.RemoteWebDriver.<init>(RemoteWebDriver.java:131)
at org.openqa.selenium.chrome.ChromeDriver.<init>(ChromeDriver.java:181)
at org.openqa.selenium.chrome.ChromeDriver.<init>(ChromeDriver.java:168)
at org.openqa.selenium.chrome.ChromeDriver.<init>(ChromeDriver.java:123)
at StepsDefine.genericFunctions.chrome_browser_is_open(genericFunctions.java:46)
at ✽.chrome browser is open(classpath:features/exelonChatbotChrome.feature:60)
]]>
            </full-stacktrace>
          </exception> <!-- org.openqa.selenium.SessionNotCreatedException -->
          <reporter-output>
          </reporter-output>
        </test-method> <!-- runScenario -->
        <test-method signature="runScenario(io.cucumber.testng.PickleWrapper, io.cucumber.testng.FeatureWrapper)[pri:0, instance:com.cucumber.runner.sharpRunner@1283bb96]" started-at="2020-10-22T13:32:06 IST" name="runScenario" description="Runs Cucumber Scenarios" data-provider="scenarios" finished-at="2020-10-22T13:33:16 IST" duration-ms="70047" status="PASS">
          <params>
            <param index="0">
              <value>
                <![CDATA["Firefox: Open exelon web application, load chatbot and navigate through menus"]]>
              </value>
            </param>
            <param index="1">
              <value>
                <![CDATA["Optional[Feature to test exelon chatbot application test cases]"]]>
              </value>
            </param>
          </params>
          <reporter-output>
          </reporter-output>
        </test-method> <!-- runScenario -->
        <test-method signature="runScenario(io.cucumber.testng.PickleWrapper, io.cucumber.testng.FeatureWrapper)[pri:0, instance:com.cucumber.runner.sharpRunner@1283bb96]" started-at="2020-10-22T13:33:16 IST" name="runScenario" description="Runs Cucumber Scenarios" data-provider="scenarios" finished-at="2020-10-22T13:34:24 IST" duration-ms="68896" status="PASS">
          <params>
            <param index="0">
              <value>
                <![CDATA["Firefox: Open exelon web application, load chatbot and navigate through menus"]]>
              </value>
            </param>
            <param index="1">
              <value>
                <![CDATA["Optional[Feature to test exelon chatbot application test cases]"]]>
              </value>
            </param>
          </params>
          <reporter-output>
          </reporter-output>
        </test-method> <!-- runScenario -->
        <test-method signature="runScenario(io.cucumber.testng.PickleWrapper, io.cucumber.testng.FeatureWrapper)[pri:0, instance:com.cucumber.runner.sharpRunner@1283bb96]" started-at="2020-10-22T13:34:24 IST" name="runScenario" description="Runs Cucumber Scenarios" data-provider="scenarios" finished-at="2020-10-22T13:35:36 IST" duration-ms="71715" status="PASS">
          <params>
            <param index="0">
              <value>
                <![CDATA["Firefox: Open exelon web application, load chatbot and navigate through menus"]]>
              </value>
            </param>
            <param index="1">
              <value>
                <![CDATA["Optional[Feature to test exelon chatbot application test cases]"]]>
              </value>
            </param>
          </params>
          <reporter-output>
          </reporter-output>
        </test-method> <!-- runScenario -->
        <test-method signature="runScenario(io.cucumber.testng.PickleWrapper, io.cucumber.testng.FeatureWrapper)[pri:0, instance:com.cucumber.runner.sharpRunner@1283bb96]" started-at="2020-10-22T13:35:36 IST" name="runScenario" description="Runs Cucumber Scenarios" data-provider="scenarios" finished-at="2020-10-22T13:36:46 IST" duration-ms="69551" status="PASS">
          <params>
            <param index="0">
              <value>
                <![CDATA["Firefox: Open exelon web application, load chatbot and navigate through menus"]]>
              </value>
            </param>
            <param index="1">
              <value>
                <![CDATA["Optional[Feature to test exelon chatbot application test cases]"]]>
              </value>
            </param>
          </params>
          <reporter-output>
          </reporter-output>
        </test-method> <!-- runScenario -->
        <test-method signature="runScenario(io.cucumber.testng.PickleWrapper, io.cucumber.testng.FeatureWrapper)[pri:0, instance:com.cucumber.runner.sharpRunner@1283bb96]" started-at="2020-10-22T13:36:46 IST" name="runScenario" description="Runs Cucumber Scenarios" data-provider="scenarios" finished-at="2020-10-22T13:37:55 IST" duration-ms="69409" status="PASS">
          <params>
            <param index="0">
              <value>
                <![CDATA["Firefox: Open exelon web application, load chatbot and navigate through menus"]]>
              </value>
            </param>
            <param index="1">
              <value>
                <![CDATA["Optional[Feature to test exelon chatbot application test cases]"]]>
              </value>
            </param>
          </params>
          <reporter-output>
          </reporter-output>
        </test-method> <!-- runScenario -->
        <test-method signature="runScenario(io.cucumber.testng.PickleWrapper, io.cucumber.testng.FeatureWrapper)[pri:0, instance:com.cucumber.runner.sharpRunner@1283bb96]" started-at="2020-10-22T13:37:55 IST" name="runScenario" description="Runs Cucumber Scenarios" data-provider="scenarios" finished-at="2020-10-22T13:39:15 IST" duration-ms="79666" status="FAIL">
          <params>
            <param index="0">
              <value>
                <![CDATA["Firefox: Open chat bot and pay bill via chat"]]>
              </value>
            </param>
            <param index="1">
              <value>
                <![CDATA["Optional[Feature to test exelon chatbot application test cases]"]]>
              </value>
            </param>
          </params>
          <exception class="org.openqa.selenium.NoSuchElementException">
            <message>
              <![CDATA[Unable to locate element: //div[contains(@class,'form-group')]//input[@id='Username']
For documentation on this error, please visit: https://www.seleniumhq.org/exceptions/no_such_element.html
Build info: version: '3.141.59', revision: 'e82be7d358', time: '2018-11-14T08:17:03'
System info: host: 'DESKTOP-P9BL872', ip: '192.168.1.146', os.name: 'Windows 10', os.arch: 'amd64', os.version: '10.0', java.version: '11.0.8'
Driver info: org.openqa.selenium.firefox.FirefoxDriver
Capabilities {acceptInsecureCerts: true, browserName: firefox, browserVersion: 79.0, javascriptEnabled: true, moz:accessibilityChecks: false, moz:buildID: 20200720193547, moz:geckodriverVersion: 0.27.0, moz:headless: false, moz:processID: 11736, moz:profile: C:\Users\Sohail Abbas\AppDa..., moz:shutdownTimeout: 60000, moz:useNonSpecCompliantPointerOrigin: false, moz:webdriverClick: true, pageLoadStrategy: normal, platform: WINDOWS, platformName: WINDOWS, platformVersion: 10.0, rotatable: false, setWindowRect: true, strictFileInteractability: false, timeouts: {implicit: 0, pageLoad: 300000, script: 30000}, unhandledPromptBehavior: dismiss and notify}
Session ID: 13e89421-156f-463d-9ac1-df08c8c6c95c
*** Element info: {Using=xpath, value=//div[contains(@class,'form-group')]//input[@id='Username']}]]>
            </message>
            <full-stacktrace>
              <![CDATA[org.openqa.selenium.NoSuchElementException: Unable to locate element: //div[contains(@class,'form-group')]//input[@id='Username']
For documentation on this error, please visit: https://www.seleniumhq.org/exceptions/no_such_element.html
Build info: version: '3.141.59', revision: 'e82be7d358', time: '2018-11-14T08:17:03'
System info: host: 'DESKTOP-P9BL872', ip: '192.168.1.146', os.name: 'Windows 10', os.arch: 'amd64', os.version: '10.0', java.version: '11.0.8'
Driver info: org.openqa.selenium.firefox.FirefoxDriver
Capabilities {acceptInsecureCerts: true, browserName: firefox, browserVersion: 79.0, javascriptEnabled: true, moz:accessibilityChecks: false, moz:buildID: 20200720193547, moz:geckodriverVersion: 0.27.0, moz:headless: false, moz:processID: 11736, moz:profile: C:\Users\Sohail Abbas\AppDa..., moz:shutdownTimeout: 60000, moz:useNonSpecCompliantPointerOrigin: false, moz:webdriverClick: true, pageLoadStrategy: normal, platform: WINDOWS, platformName: WINDOWS, platformVersion: 10.0, rotatable: false, setWindowRect: true, strictFileInteractability: false, timeouts: {implicit: 0, pageLoad: 300000, script: 30000}, unhandledPromptBehavior: dismiss and notify}
Session ID: 13e89421-156f-463d-9ac1-df08c8c6c95c
*** Element info: {Using=xpath, value=//div[contains(@class,'form-group')]//input[@id='Username']}
at java.base/jdk.internal.reflect.NativeConstructorAccessorImpl.newInstance0(Native Method)
at java.base/jdk.internal.reflect.NativeConstructorAccessorImpl.newInstance(NativeConstructorAccessorImpl.java:62)
at java.base/jdk.internal.reflect.DelegatingConstructorAccessorImpl.newInstance(DelegatingConstructorAccessorImpl.java:45)
at java.base/java.lang.reflect.Constructor.newInstance(Constructor.java:490)
at org.openqa.selenium.remote.http.W3CHttpResponseCodec.createException(W3CHttpResponseCodec.java:187)
at org.openqa.selenium.remote.http.W3CHttpResponseCodec.decode(W3CHttpResponseCodec.java:122)
at org.openqa.selenium.remote.http.W3CHttpResponseCodec.decode(W3CHttpResponseCodec.java:49)
at org.openqa.selenium.remote.HttpCommandExecutor.execute(HttpCommandExecutor.java:158)
at org.openqa.selenium.remote.service.DriverCommandExecutor.execute(DriverCommandExecutor.java:83)
at org.openqa.selenium.remote.RemoteWebDriver.execute(RemoteWebDriver.java:552)
at org.openqa.selenium.remote.RemoteWebDriver.findElement(RemoteWebDriver.java:323)
at org.openqa.selenium.remote.RemoteWebDriver.findElementByXPath(RemoteWebDriver.java:428)
at org.openqa.selenium.By$ByXPath.findElement(By.java:353)
at org.openqa.selenium.remote.RemoteWebDriver.findElement(RemoteWebDriver.java:315)
at StepsDefine.genericFunctions.wait_for_time(genericFunctions.java:823)
at StepsDefine.genericFunctions.user_will_redirect_to_login_page(genericFunctions.java:213)
at ✽.user will redirect to login page(classpath:features/exelonChatbotFirefox.feature:46)
]]>
            </full-stacktrace>
          </exception> <!-- org.openqa.selenium.NoSuchElementException -->
          <reporter-output>
          </reporter-output>
        </test-method> <!-- runScenario -->
        <test-method signature="runScenario(io.cucumber.testng.PickleWrapper, io.cucumber.testng.FeatureWrapper)[pri:0, instance:com.cucumber.runner.sharpRunner@1283bb96]" started-at="2020-10-22T13:39:15 IST" name="runScenario" description="Runs Cucumber Scenarios" data-provider="scenarios" finished-at="2020-10-22T13:40:38 IST" duration-ms="82725" status="FAIL">
          <params>
            <param index="0">
              <value>
                <![CDATA["Firefox: Open chat bot and pay bill via chat"]]>
              </value>
            </param>
            <param index="1">
              <value>
                <![CDATA["Optional[Feature to test exelon chatbot application test cases]"]]>
              </value>
            </param>
          </params>
          <exception class="org.openqa.selenium.NoSuchElementException">
            <message>
              <![CDATA[Unable to locate element: //div[contains(@class,'form-group')]//input[@id='Username']
For documentation on this error, please visit: https://www.seleniumhq.org/exceptions/no_such_element.html
Build info: version: '3.141.59', revision: 'e82be7d358', time: '2018-11-14T08:17:03'
System info: host: 'DESKTOP-P9BL872', ip: '192.168.1.146', os.name: 'Windows 10', os.arch: 'amd64', os.version: '10.0', java.version: '11.0.8'
Driver info: org.openqa.selenium.firefox.FirefoxDriver
Capabilities {acceptInsecureCerts: true, browserName: firefox, browserVersion: 79.0, javascriptEnabled: true, moz:accessibilityChecks: false, moz:buildID: 20200720193547, moz:geckodriverVersion: 0.27.0, moz:headless: false, moz:processID: 1552, moz:profile: C:\Users\Sohail Abbas\AppDa..., moz:shutdownTimeout: 60000, moz:useNonSpecCompliantPointerOrigin: false, moz:webdriverClick: true, pageLoadStrategy: normal, platform: WINDOWS, platformName: WINDOWS, platformVersion: 10.0, rotatable: false, setWindowRect: true, strictFileInteractability: false, timeouts: {implicit: 0, pageLoad: 300000, script: 30000}, unhandledPromptBehavior: dismiss and notify}
Session ID: 1274983a-8ddf-43fc-acd3-c41f4d37bf1f
*** Element info: {Using=xpath, value=//div[contains(@class,'form-group')]//input[@id='Username']}]]>
            </message>
            <full-stacktrace>
              <![CDATA[org.openqa.selenium.NoSuchElementException: Unable to locate element: //div[contains(@class,'form-group')]//input[@id='Username']
For documentation on this error, please visit: https://www.seleniumhq.org/exceptions/no_such_element.html
Build info: version: '3.141.59', revision: 'e82be7d358', time: '2018-11-14T08:17:03'
System info: host: 'DESKTOP-P9BL872', ip: '192.168.1.146', os.name: 'Windows 10', os.arch: 'amd64', os.version: '10.0', java.version: '11.0.8'
Driver info: org.openqa.selenium.firefox.FirefoxDriver
Capabilities {acceptInsecureCerts: true, browserName: firefox, browserVersion: 79.0, javascriptEnabled: true, moz:accessibilityChecks: false, moz:buildID: 20200720193547, moz:geckodriverVersion: 0.27.0, moz:headless: false, moz:processID: 1552, moz:profile: C:\Users\Sohail Abbas\AppDa..., moz:shutdownTimeout: 60000, moz:useNonSpecCompliantPointerOrigin: false, moz:webdriverClick: true, pageLoadStrategy: normal, platform: WINDOWS, platformName: WINDOWS, platformVersion: 10.0, rotatable: false, setWindowRect: true, strictFileInteractability: false, timeouts: {implicit: 0, pageLoad: 300000, script: 30000}, unhandledPromptBehavior: dismiss and notify}
Session ID: 1274983a-8ddf-43fc-acd3-c41f4d37bf1f
*** Element info: {Using=xpath, value=//div[contains(@class,'form-group')]//input[@id='Username']}
at java.base/jdk.internal.reflect.NativeConstructorAccessorImpl.newInstance0(Native Method)
at java.base/jdk.internal.reflect.NativeConstructorAccessorImpl.newInstance(NativeConstructorAccessorImpl.java:62)
at java.base/jdk.internal.reflect.DelegatingConstructorAccessorImpl.newInstance(DelegatingConstructorAccessorImpl.java:45)
at java.base/java.lang.reflect.Constructor.newInstance(Constructor.java:490)
at org.openqa.selenium.remote.http.W3CHttpResponseCodec.createException(W3CHttpResponseCodec.java:187)
at org.openqa.selenium.remote.http.W3CHttpResponseCodec.decode(W3CHttpResponseCodec.java:122)
at org.openqa.selenium.remote.http.W3CHttpResponseCodec.decode(W3CHttpResponseCodec.java:49)
at org.openqa.selenium.remote.HttpCommandExecutor.execute(HttpCommandExecutor.java:158)
at org.openqa.selenium.remote.service.DriverCommandExecutor.execute(DriverCommandExecutor.java:83)
at org.openqa.selenium.remote.RemoteWebDriver.execute(RemoteWebDriver.java:552)
at org.openqa.selenium.remote.RemoteWebDriver.findElement(RemoteWebDriver.java:323)
at org.openqa.selenium.remote.RemoteWebDriver.findElementByXPath(RemoteWebDriver.java:428)
at org.openqa.selenium.By$ByXPath.findElement(By.java:353)
at org.openqa.selenium.remote.RemoteWebDriver.findElement(RemoteWebDriver.java:315)
at StepsDefine.genericFunctions.wait_for_time(genericFunctions.java:823)
at StepsDefine.genericFunctions.user_will_redirect_to_login_page(genericFunctions.java:213)
at ✽.user will redirect to login page(classpath:features/exelonChatbotFirefox.feature:46)
]]>
            </full-stacktrace>
          </exception> <!-- org.openqa.selenium.NoSuchElementException -->
          <reporter-output>
          </reporter-output>
        </test-method> <!-- runScenario -->
        <test-method signature="runScenario(io.cucumber.testng.PickleWrapper, io.cucumber.testng.FeatureWrapper)[pri:0, instance:com.cucumber.runner.sharpRunner@1283bb96]" started-at="2020-10-22T13:40:38 IST" name="runScenario" description="Runs Cucumber Scenarios" data-provider="scenarios" finished-at="2020-10-22T13:41:48 IST" duration-ms="70159" status="PASS">
          <params>
            <param index="0">
              <value>
                <![CDATA["Firefox: Open chat bot and start service"]]>
              </value>
            </param>
            <param index="1">
              <value>
                <![CDATA["Optional[Feature to test exelon chatbot application test cases]"]]>
              </value>
            </param>
          </params>
          <reporter-output>
          </reporter-output>
        </test-method> <!-- runScenario -->
        <test-method is-config="true" signature="tearDownClass()[pri:0, instance:com.cucumber.runner.sharpRunner@1283bb96]" started-at="2020-10-22T13:41:48 IST" name="tearDownClass" finished-at="2020-10-22T13:41:48 IST" duration-ms="648" status="PASS">
          <reporter-output>
          </reporter-output>
        </test-method> <!-- tearDownClass -->
      </class> <!-- com.cucumber.runner.sharpRunner -->
    </test> <!-- Surefire test -->
  </suite> <!-- Surefire suite -->
</testng-results>
