<?xml version="1.0" encoding="UTF-8"?>
<testsuite name="com.cucumber.runner.sharpRunner" time="61.6" tests="2" errors="0" skipped="0" failures="2">
  <properties>
[...]
</properties>
  <testcase name="runScenario" classname="com.cucumber.runner.sharpRunner" time="61.6">
    <failure message="javascript error: Failed to execute &apos;elementsFromPoint&apos; on &apos;Document&apos;: The provided double value is non-finite.&#10;  (Session info: chrome=84.0.4147.135)&#10;Build info: version: &apos;3.141.59&apos;, revision: &apos;e82be7d358&apos;, time: &apos;2018-11-14T08:17:03&apos;&#10;System info: host: &apos;DESKTOP-P9BL872&apos;, ip: &apos;192.168.43.71&apos;, os.name: &apos;Windows 10&apos;, os.arch: &apos;amd64&apos;, os.version: &apos;10.0&apos;, java.version: &apos;11.0.8&apos;&#10;Driver info: org.openqa.selenium.chrome.ChromeDriver&#10;Capabilities {acceptInsecureCerts: false, browserName: chrome, browserVersion: 84.0.4147.135, chrome: {chromedriverVersion: 84.0.4147.30 (48b3e868b4cc0..., userDataDir: C:\Users\SOHAIL~1\AppData\L...}, goog:chromeOptions: {debuggerAddress: localhost:58195}, javascriptEnabled: true, networkConnectionEnabled: false, pageLoadStrategy: normal, platform: WINDOWS, platformName: WINDOWS, proxy: Proxy(), setWindowRect: true, strictFileInteractability: false, timeouts: {implicit: 0, pageLoad: 300000, script: 30000}, unhandledPromptBehavior: dismiss and notify, webauthn:virtualAuthenticators: true}&#10;Session ID: 48f488575c677e4382444332b8b6d94f" type="org.openqa.selenium.JavascriptException">org.openqa.selenium.JavascriptException: javascript error: Failed to execute 'elementsFromPoint' on 'Document': The provided double value is non-finite.
  (Session info: chrome=84.0.4147.135)
Build info: version: '3.141.59', revision: 'e82be7d358', time: '2018-11-14T08:17:03'
System info: host: 'DESKTOP-P9BL872', ip: '192.168.43.71', os.name: 'Windows 10', os.arch: 'amd64', os.version: '10.0', java.version: '11.0.8'
Driver info: org.openqa.selenium.chrome.ChromeDriver
Capabilities {acceptInsecureCerts: false, browserName: chrome, browserVersion: 84.0.4147.135, chrome: {chromedriverVersion: 84.0.4147.30 (48b3e868b4cc0..., userDataDir: C:\Users\SOHAIL~1\AppData\L...}, goog:chromeOptions: {debuggerAddress: localhost:58195}, javascriptEnabled: true, networkConnectionEnabled: false, pageLoadStrategy: normal, platform: WINDOWS, platformName: WINDOWS, proxy: Proxy(), setWindowRect: true, strictFileInteractability: false, timeouts: {implicit: 0, pageLoad: 300000, script: 30000}, unhandledPromptBehavior: dismiss and notify, webauthn:virtualAuthenticators: true}
Session ID: 48f488575c677e4382444332b8b6d94f
	at java.base/jdk.internal.reflect.NativeConstructorAccessorImpl.newInstance0(Native Method)
	at java.base/jdk.internal.reflect.NativeConstructorAccessorImpl.newInstance(NativeConstructorAccessorImpl.java:62)
	at java.base/jdk.internal.reflect.DelegatingConstructorAccessorImpl.newInstance(DelegatingConstructorAccessorImpl.java:45)
	at java.base/java.lang.reflect.Constructor.newInstance(Constructor.java:490)
	at org.openqa.selenium.remote.http.W3CHttpResponseCodec.createException(W3CHttpResponseCodec.java:187)
	at org.openqa.selenium.remote.http.W3CHttpResponseCodec.decode(W3CHttpResponseCodec.java:122)
	at org.openqa.selenium.remote.http.W3CHttpResponseCodec.decode(W3CHttpResponseCodec.java:49)
	at org.openqa.selenium.remote.HttpCommandExecutor.execute(HttpCommandExecutor.java:158)
	at org.openqa.selenium.remote.service.DriverCommandExecutor.execute(DriverCommandExecutor.java:83)
	at org.openqa.selenium.remote.RemoteWebDriver.execute(RemoteWebDriver.java:552)
	at org.openqa.selenium.remote.RemoteWebDriver.perform(RemoteWebDriver.java:618)
	at org.openqa.selenium.interactions.Actions$BuiltAction.perform(Actions.java:639)
	at StepsDefine.genericFunctions.user_click_on_menu_icon(genericFunctions.java:86)
	at ✽.user click on menu icon(classpath:features/exelonChatbot.feature:31)
</failure>
    <system-out><![CDATA[Configuring TestNG with: TestNG652Configurator
Browser Launched: Proceeding to internal steps
Browser Launched: Proceeding to internal steps
Home Page Launched
Home Page Launched
Inside Step:-user able to locate chat bot
Chatbot Icon is displayed :  true
Inside Step:-user able to locate chat bot
Chatbot Icon is displayed :  true
Inside Step:-user clicked on chatbot icon
Inside Step:-chatbot opens up
Chatbot is connected :  false
Inside Step:-user clicked on chatbot icon
]]></system-out>
    <system-err><![CDATA[1599585256084	geckodriver	INFO	Listening on 127.0.0.1:21571
Starting ChromeDriver 84.0.4147.30 (48b3e868b4cc0aa7e8149519690b6f6949e110a8-refs/branch-heads/4147@{#310}) on port 24392
Only local connections are allowed.
Please see https://chromedriver.chromium.org/security-considerations for suggestions on keeping ChromeDriver safe.
ChromeDriver was started successfully.
1599585256763	mozrunner::runner	INFO	Running command: "C:\\Program Files\\Mozilla Firefox\\firefox.exe" "--marionette" "-foreground" "-no-remote" "-profile" "C:\\Users\\SOHAIL~1\\AppData\\Local\\Temp\\rust_mozprofileyzCIOa"
JavaScript error: resource://gre/modules/XULStore.jsm, line 66: Error: Can't find profile directory.
console.error: SearchCache: "_readCacheFile: Error reading cache file:" (new Error("", "(unknown module)"))
1599585259251	Marionette	INFO	Listening on port 58189
Sep 08, 2020 10:44:19 PM org.openqa.selenium.remote.ProtocolHandshake createSession
INFO: Detected dialect: W3C
1599585260115	Marionette	WARN	TLS certificate errors will be ignored for this session
Sep 08, 2020 10:44:20 PM org.openqa.selenium.remote.ProtocolHandshake createSession
INFO: Detected dialect: W3C
JavaScript warning: https://aztest.atlanticcityelectric.com/Style%20Library/Exelon/exc-js/Forms/Common/schema.js?ver=20200909.1, line 424: unreachable code after return statement
JavaScript warning: https://aztest.atlanticcityelectric.com/Style%20Library/Exelon/exc-js/Forms/Common/schema.js?ver=20200909.1, line 452: unreachable code after return statement
]]></system-err>
  </testcase>
  <testcase name="runScenario" classname="com.cucumber.runner.sharpRunner" time="132.079">
    <failure message="Unable to locate element: //div[contains(text(),&apos;Yes&apos;)]&#10;For documentation on this error, please visit: https://www.seleniumhq.org/exceptions/no_such_element.html&#10;Build info: version: &apos;3.141.59&apos;, revision: &apos;e82be7d358&apos;, time: &apos;2018-11-14T08:17:03&apos;&#10;System info: host: &apos;DESKTOP-P9BL872&apos;, ip: &apos;192.168.43.71&apos;, os.name: &apos;Windows 10&apos;, os.arch: &apos;amd64&apos;, os.version: &apos;10.0&apos;, java.version: &apos;11.0.8&apos;&#10;Driver info: org.openqa.selenium.firefox.FirefoxDriver&#10;Capabilities {acceptInsecureCerts: true, browserName: firefox, browserVersion: 79.0, javascriptEnabled: true, moz:accessibilityChecks: false, moz:buildID: 20200720193547, moz:geckodriverVersion: 0.27.0, moz:headless: false, moz:processID: 26444, moz:profile: C:\Users\Sohail Abbas\AppDa..., moz:shutdownTimeout: 60000, moz:useNonSpecCompliantPointerOrigin: false, moz:webdriverClick: true, pageLoadStrategy: normal, platform: WINDOWS, platformName: WINDOWS, platformVersion: 10.0, rotatable: false, setWindowRect: true, strictFileInteractability: false, timeouts: {implicit: 0, pageLoad: 300000, script: 30000}, unhandledPromptBehavior: dismiss and notify}&#10;Session ID: 40db537b-429d-4bf3-bf32-d0a01a11d57a&#10;*** Element info: {Using=xpath, value=//div[contains(text(),&apos;Yes&apos;)]}" type="org.openqa.selenium.NoSuchElementException">org.openqa.selenium.NoSuchElementException: Unable to locate element: //div[contains(text(),'Yes')]
For documentation on this error, please visit: https://www.seleniumhq.org/exceptions/no_such_element.html
Build info: version: '3.141.59', revision: 'e82be7d358', time: '2018-11-14T08:17:03'
System info: host: 'DESKTOP-P9BL872', ip: '192.168.43.71', os.name: 'Windows 10', os.arch: 'amd64', os.version: '10.0', java.version: '11.0.8'
Driver info: org.openqa.selenium.firefox.FirefoxDriver
Capabilities {acceptInsecureCerts: true, browserName: firefox, browserVersion: 79.0, javascriptEnabled: true, moz:accessibilityChecks: false, moz:buildID: 20200720193547, moz:geckodriverVersion: 0.27.0, moz:headless: false, moz:processID: 26444, moz:profile: C:\Users\Sohail Abbas\AppDa..., moz:shutdownTimeout: 60000, moz:useNonSpecCompliantPointerOrigin: false, moz:webdriverClick: true, pageLoadStrategy: normal, platform: WINDOWS, platformName: WINDOWS, platformVersion: 10.0, rotatable: false, setWindowRect: true, strictFileInteractability: false, timeouts: {implicit: 0, pageLoad: 300000, script: 30000}, unhandledPromptBehavior: dismiss and notify}
Session ID: 40db537b-429d-4bf3-bf32-d0a01a11d57a
*** Element info: {Using=xpath, value=//div[contains(text(),'Yes')]}
	at java.base/jdk.internal.reflect.NativeConstructorAccessorImpl.newInstance0(Native Method)
	at java.base/jdk.internal.reflect.NativeConstructorAccessorImpl.newInstance(NativeConstructorAccessorImpl.java:62)
	at java.base/jdk.internal.reflect.DelegatingConstructorAccessorImpl.newInstance(DelegatingConstructorAccessorImpl.java:45)
	at java.base/java.lang.reflect.Constructor.newInstance(Constructor.java:490)
	at org.openqa.selenium.remote.http.W3CHttpResponseCodec.createException(W3CHttpResponseCodec.java:187)
	at org.openqa.selenium.remote.http.W3CHttpResponseCodec.decode(W3CHttpResponseCodec.java:122)
	at org.openqa.selenium.remote.http.W3CHttpResponseCodec.decode(W3CHttpResponseCodec.java:49)
	at org.openqa.selenium.remote.HttpCommandExecutor.execute(HttpCommandExecutor.java:158)
	at org.openqa.selenium.remote.service.DriverCommandExecutor.execute(DriverCommandExecutor.java:83)
	at org.openqa.selenium.remote.RemoteWebDriver.execute(RemoteWebDriver.java:552)
	at org.openqa.selenium.remote.RemoteWebDriver.findElement(RemoteWebDriver.java:323)
	at org.openqa.selenium.remote.RemoteWebDriver.findElementByXPath(RemoteWebDriver.java:428)
	at org.openqa.selenium.By$ByXPath.findElement(By.java:353)
	at org.openqa.selenium.remote.RemoteWebDriver.findElement(RemoteWebDriver.java:315)
	at StepsDefine.genericFunctions.user_click_yes_for_confirmation(genericFunctions.java:232)
	at ✽.user click yes for confirmation(classpath:features/exelonChatbot.feature:86)
</failure>
    <system-out><![CDATA[Inside Step:-chatbot opens up
Chatbot is connected :  true
8
19
user one home page
]]></system-out>
  </testcase>
</testsuite>