<?xml version="1.0" encoding="UTF-8"?>
<testng-results ignored="0" total="1" passed="0" failed="1" skipped="0">
  <reporter-output>
  </reporter-output>
  <suite started-at="2021-02-19T15:12:06 IST" name="Surefire suite" finished-at="2021-02-19T15:12:13 IST" duration-ms="6679">
    <groups>
      <group name="cucumber">
        <method signature="AbstractTestNGCucumberTests.runScenario(io.cucumber.testng.PickleWrapper, io.cucumber.testng.FeatureWrapper)[pri:0, instance:com.cucumber.runner.sharpRunner@f6efaab]" name="runScenario" class="io.cucumber.testng.AbstractTestNGCucumberTests"/>
      </group> <!-- cucumber -->
    </groups>
    <test started-at="2021-02-19T15:12:06 IST" name="Surefire test" finished-at="2021-02-19T15:12:13 IST" duration-ms="6679">
      <class name="com.cucumber.runner.sharpRunner">
        <test-method is-config="true" signature="setUpClass()[pri:0, instance:com.cucumber.runner.sharpRunner@f6efaab]" started-at="2021-02-19T15:12:06 IST" name="setUpClass" finished-at="2021-02-19T15:12:06 IST" duration-ms="453" status="PASS">
          <reporter-output>
          </reporter-output>
        </test-method> <!-- setUpClass -->
        <test-method signature="runScenario(io.cucumber.testng.PickleWrapper, io.cucumber.testng.FeatureWrapper)[pri:0, instance:com.cucumber.runner.sharpRunner@f6efaab]" started-at="2021-02-19T15:12:06 IST" name="runScenario" description="Runs Cucumber Scenarios" data-provider="scenarios" finished-at="2021-02-19T15:12:12 IST" duration-ms="5723" status="FAIL">
          <params>
            <param index="0">
              <value>
                <![CDATA["Hit Get request for Emerson to validate tech profile"]]>
              </value>
            </param>
            <param index="1">
              <value>
                <![CDATA["Optional[Feature to test Emerson API cases]"]]>
              </value>
            </param>
          </params>
          <exception class="java.lang.AssertionError">
            <full-stacktrace>
              <![CDATA[java.lang.AssertionError
at cucumberHooks.addonFunctions.compareString(addonFunctions.java:81)
at StepsDefine.apiAutomationFunctions.verify_body(apiAutomationFunctions.java:265)
at StepsDefine.apiAutomationFunctions.verify_response_body_for_endpoint_with_resourcecd(apiAutomationFunctions.java:117)
at ✽.verify response body for "tech profile" with "348"(classpath:features/emersonAPI.feature:52)
]]>
            </full-stacktrace>
          </exception> <!-- java.lang.AssertionError -->
          <reporter-output>
          </reporter-output>
        </test-method> <!-- runScenario -->
        <test-method is-config="true" signature="tearDownClass()[pri:0, instance:com.cucumber.runner.sharpRunner@f6efaab]" started-at="2021-02-19T15:12:12 IST" name="tearDownClass" finished-at="2021-02-19T15:12:13 IST" duration-ms="464" status="PASS">
          <reporter-output>
          </reporter-output>
        </test-method> <!-- tearDownClass -->
      </class> <!-- com.cucumber.runner.sharpRunner -->
    </test> <!-- Surefire test -->
  </suite> <!-- Surefire suite -->
</testng-results>
