<?xml version="1.0" encoding="UTF-8"?>
<testng-results ignored="0" total="9" passed="9" failed="0" skipped="0">
  <reporter-output>
  </reporter-output>
  <suite started-at="2020-11-02T01:16:48 IST" name="Surefire suite" finished-at="2020-11-02T01:27:43 IST" duration-ms="654302">
    <groups>
      <group name="cucumber">
        <method signature="AbstractTestNGCucumberTests.runScenario(io.cucumber.testng.PickleWrapper, io.cucumber.testng.FeatureWrapper)[pri:0, instance:com.cucumber.runner.sharpRunner@f6efaab]" name="runScenario" class="io.cucumber.testng.AbstractTestNGCucumberTests"/>
      </group> <!-- cucumber -->
    </groups>
    <test started-at="2020-11-02T01:16:48 IST" name="Surefire test" finished-at="2020-11-02T01:27:43 IST" duration-ms="654302">
      <class name="com.cucumber.runner.sharpRunner">
        <test-method is-config="true" signature="setUpClass()[pri:0, instance:com.cucumber.runner.sharpRunner@f6efaab]" started-at="2020-11-02T01:16:48 IST" name="setUpClass" finished-at="2020-11-02T01:16:49 IST" duration-ms="419" status="PASS">
          <reporter-output>
          </reporter-output>
        </test-method> <!-- setUpClass -->
        <test-method signature="runScenario(io.cucumber.testng.PickleWrapper, io.cucumber.testng.FeatureWrapper)[pri:0, instance:com.cucumber.runner.sharpRunner@f6efaab]" started-at="2020-11-02T01:16:49 IST" name="runScenario" description="Runs Cucumber Scenarios" data-provider="scenarios" finished-at="2020-11-02T01:17:58 IST" duration-ms="69473" status="PASS">
          <params>
            <param index="0">
              <value>
                <![CDATA["Firefox: Deposit FAQ - Initiating the Chat-Bot: Select Deposits FAQ and check content"]]>
              </value>
            </param>
            <param index="1">
              <value>
                <![CDATA["Optional[Exelon-PHI feature file]"]]>
              </value>
            </param>
          </params>
          <reporter-output>
          </reporter-output>
        </test-method> <!-- runScenario -->
        <test-method signature="runScenario(io.cucumber.testng.PickleWrapper, io.cucumber.testng.FeatureWrapper)[pri:0, instance:com.cucumber.runner.sharpRunner@f6efaab]" started-at="2020-11-02T01:17:58 IST" name="runScenario" description="Runs Cucumber Scenarios" data-provider="scenarios" finished-at="2020-11-02T01:19:17 IST" duration-ms="78670" status="PASS">
          <params>
            <param index="0">
              <value>
                <![CDATA["Firefox: Deposit FAQ - Initiating the Chat-Bot: Select Deposits FAQ and check content"]]>
              </value>
            </param>
            <param index="1">
              <value>
                <![CDATA["Optional[Exelon-PHI feature file]"]]>
              </value>
            </param>
          </params>
          <reporter-output>
          </reporter-output>
        </test-method> <!-- runScenario -->
        <test-method signature="runScenario(io.cucumber.testng.PickleWrapper, io.cucumber.testng.FeatureWrapper)[pri:0, instance:com.cucumber.runner.sharpRunner@f6efaab]" started-at="2020-11-02T01:19:17 IST" name="runScenario" description="Runs Cucumber Scenarios" data-provider="scenarios" finished-at="2020-11-02T01:20:37 IST" duration-ms="79811" status="PASS">
          <params>
            <param index="0">
              <value>
                <![CDATA["Firefox: Deposit FAQ - Initiating the Chat-Bot: Select Deposits FAQ and check content"]]>
              </value>
            </param>
            <param index="1">
              <value>
                <![CDATA["Optional[Exelon-PHI feature file]"]]>
              </value>
            </param>
          </params>
          <reporter-output>
          </reporter-output>
        </test-method> <!-- runScenario -->
        <test-method signature="runScenario(io.cucumber.testng.PickleWrapper, io.cucumber.testng.FeatureWrapper)[pri:0, instance:com.cucumber.runner.sharpRunner@f6efaab]" started-at="2020-11-02T01:20:37 IST" name="runScenario" description="Runs Cucumber Scenarios" data-provider="scenarios" finished-at="2020-11-02T01:21:57 IST" duration-ms="79755" status="PASS">
          <params>
            <param index="0">
              <value>
                <![CDATA["Firefox: Deposit FAQ - Initiating the Chat-Bot: Select Deposits FAQ and check links are correct"]]>
              </value>
            </param>
            <param index="1">
              <value>
                <![CDATA["Optional[Exelon-PHI feature file]"]]>
              </value>
            </param>
          </params>
          <reporter-output>
          </reporter-output>
        </test-method> <!-- runScenario -->
        <test-method signature="runScenario(io.cucumber.testng.PickleWrapper, io.cucumber.testng.FeatureWrapper)[pri:0, instance:com.cucumber.runner.sharpRunner@f6efaab]" started-at="2020-11-02T01:21:57 IST" name="runScenario" description="Runs Cucumber Scenarios" data-provider="scenarios" finished-at="2020-11-02T01:23:19 IST" duration-ms="82591" status="PASS">
          <params>
            <param index="0">
              <value>
                <![CDATA["Firefox: Deposit FAQ - Initiating the Chat-Bot: Select Deposits FAQ and check links are correct"]]>
              </value>
            </param>
            <param index="1">
              <value>
                <![CDATA["Optional[Exelon-PHI feature file]"]]>
              </value>
            </param>
          </params>
          <reporter-output>
          </reporter-output>
        </test-method> <!-- runScenario -->
        <test-method signature="runScenario(io.cucumber.testng.PickleWrapper, io.cucumber.testng.FeatureWrapper)[pri:0, instance:com.cucumber.runner.sharpRunner@f6efaab]" started-at="2020-11-02T01:23:19 IST" name="runScenario" description="Runs Cucumber Scenarios" data-provider="scenarios" finished-at="2020-11-02T01:25:01 IST" duration-ms="101415" status="PASS">
          <params>
            <param index="0">
              <value>
                <![CDATA["Firefox: Deposit FAQ - Initiating the Chat-Bot: Select Deposits FAQ and check links are correct"]]>
              </value>
            </param>
            <param index="1">
              <value>
                <![CDATA["Optional[Exelon-PHI feature file]"]]>
              </value>
            </param>
          </params>
          <reporter-output>
          </reporter-output>
        </test-method> <!-- runScenario -->
        <test-method signature="runScenario(io.cucumber.testng.PickleWrapper, io.cucumber.testng.FeatureWrapper)[pri:0, instance:com.cucumber.runner.sharpRunner@f6efaab]" started-at="2020-11-02T01:25:01 IST" name="runScenario" description="Runs Cucumber Scenarios" data-provider="scenarios" finished-at="2020-11-02T01:25:49 IST" duration-ms="48521" status="PASS">
          <params>
            <param index="0">
              <value>
                <![CDATA["Firefox: Deposit FAQ - Initiating the Chat-Bot: user types Deposits FAQ utterances and check messages"]]>
              </value>
            </param>
            <param index="1">
              <value>
                <![CDATA["Optional[Exelon-PHI feature file]"]]>
              </value>
            </param>
          </params>
          <reporter-output>
          </reporter-output>
        </test-method> <!-- runScenario -->
        <test-method signature="runScenario(io.cucumber.testng.PickleWrapper, io.cucumber.testng.FeatureWrapper)[pri:0, instance:com.cucumber.runner.sharpRunner@f6efaab]" started-at="2020-11-02T01:25:49 IST" name="runScenario" description="Runs Cucumber Scenarios" data-provider="scenarios" finished-at="2020-11-02T01:26:46 IST" duration-ms="56595" status="PASS">
          <params>
            <param index="0">
              <value>
                <![CDATA["Firefox: Deposit FAQ - Initiating the Chat-Bot: user types Deposits FAQ utterances and check messages"]]>
              </value>
            </param>
            <param index="1">
              <value>
                <![CDATA["Optional[Exelon-PHI feature file]"]]>
              </value>
            </param>
          </params>
          <reporter-output>
          </reporter-output>
        </test-method> <!-- runScenario -->
        <test-method signature="runScenario(io.cucumber.testng.PickleWrapper, io.cucumber.testng.FeatureWrapper)[pri:0, instance:com.cucumber.runner.sharpRunner@f6efaab]" started-at="2020-11-02T01:26:46 IST" name="runScenario" description="Runs Cucumber Scenarios" data-provider="scenarios" finished-at="2020-11-02T01:27:42 IST" duration-ms="56484" status="PASS">
          <params>
            <param index="0">
              <value>
                <![CDATA["Firefox: Deposit FAQ - Initiating the Chat-Bot: user types Deposits FAQ utterances and check messages"]]>
              </value>
            </param>
            <param index="1">
              <value>
                <![CDATA["Optional[Exelon-PHI feature file]"]]>
              </value>
            </param>
          </params>
          <reporter-output>
          </reporter-output>
        </test-method> <!-- runScenario -->
        <test-method is-config="true" signature="tearDownClass()[pri:0, instance:com.cucumber.runner.sharpRunner@f6efaab]" started-at="2020-11-02T01:27:42 IST" name="tearDownClass" finished-at="2020-11-02T01:27:43 IST" duration-ms="526" status="PASS">
          <reporter-output>
          </reporter-output>
        </test-method> <!-- tearDownClass -->
      </class> <!-- com.cucumber.runner.sharpRunner -->
    </test> <!-- Surefire test -->
  </suite> <!-- Surefire suite -->
</testng-results>
