<?xml version="1.0" encoding="UTF-8"?>
<testng-results ignored="0" total="1" passed="1" failed="0" skipped="0">
  <reporter-output>
  </reporter-output>
  <suite started-at="2020-09-11T12:59:04 IST" name="Surefire suite" finished-at="2020-09-11T13:00:05 IST" duration-ms="61741">
    <groups>
      <group name="cucumber">
        <method signature="AbstractTestNGCucumberTests.runScenario(io.cucumber.testng.PickleWrapper, io.cucumber.testng.FeatureWrapper)[pri:0, instance:com.cucumber.runner.sharpRunner@1aa7ecca]" name="runScenario" class="io.cucumber.testng.AbstractTestNGCucumberTests"/>
      </group> <!-- cucumber -->
    </groups>
    <test started-at="2020-09-11T12:59:04 IST" name="Surefire test" finished-at="2020-09-11T13:00:05 IST" duration-ms="61741">
      <class name="com.cucumber.runner.sharpRunner">
        <test-method is-config="true" signature="setUpClass()[pri:0, instance:com.cucumber.runner.sharpRunner@1aa7ecca]" started-at="2020-09-11T12:59:04 IST" name="setUpClass" finished-at="2020-09-11T12:59:04 IST" duration-ms="297" status="PASS">
          <reporter-output>
          </reporter-output>
        </test-method> <!-- setUpClass -->
        <test-method signature="runScenario(io.cucumber.testng.PickleWrapper, io.cucumber.testng.FeatureWrapper)[pri:0, instance:com.cucumber.runner.sharpRunner@1aa7ecca]" started-at="2020-09-11T12:59:04 IST" name="runScenario" description="Runs Cucumber Scenarios" data-provider="scenarios" finished-at="2020-09-11T13:00:05 IST" duration-ms="60742" status="PASS">
          <params>
            <param index="0">
              <value>
                <![CDATA["Firefox: Open chat bot and navigate for Covid-19 assistance"]]>
              </value>
            </param>
            <param index="1">
              <value>
                <![CDATA["Optional[Feature to test exelon homepage in firefox]"]]>
              </value>
            </param>
          </params>
          <reporter-output>
          </reporter-output>
        </test-method> <!-- runScenario -->
        <test-method is-config="true" signature="tearDownClass()[pri:0, instance:com.cucumber.runner.sharpRunner@1aa7ecca]" started-at="2020-09-11T13:00:05 IST" name="tearDownClass" finished-at="2020-09-11T13:00:05 IST" duration-ms="660" status="PASS">
          <reporter-output>
          </reporter-output>
        </test-method> <!-- tearDownClass -->
      </class> <!-- com.cucumber.runner.sharpRunner -->
    </test> <!-- Surefire test -->
  </suite> <!-- Surefire suite -->
</testng-results>
