<?xml version="1.0" encoding="UTF-8"?>
<testng-results ignored="0" total="1" passed="0" failed="1" skipped="0">
  <reporter-output>
  </reporter-output>
  <suite started-at="2020-10-26T19:08:32 IST" name="Surefire suite" finished-at="2020-10-26T19:08:37 IST" duration-ms="4722">
    <groups>
      <group name="cucumber">
        <method signature="AbstractTestNGCucumberTests.runScenario(io.cucumber.testng.PickleWrapper, io.cucumber.testng.FeatureWrapper)[pri:0, instance:com.cucumber.runner.sharpRunner@f6efaab]" name="runScenario" class="io.cucumber.testng.AbstractTestNGCucumberTests"/>
      </group> <!-- cucumber -->
    </groups>
    <test started-at="2020-10-26T19:08:32 IST" name="Surefire test" finished-at="2020-10-26T19:08:37 IST" duration-ms="4722">
      <class name="com.cucumber.runner.sharpRunner">
        <test-method is-config="true" signature="setUpClass()[pri:0, instance:com.cucumber.runner.sharpRunner@f6efaab]" started-at="2020-10-26T19:08:33 IST" name="setUpClass" finished-at="2020-10-26T19:08:33 IST" duration-ms="591" status="PASS">
          <reporter-output>
          </reporter-output>
        </test-method> <!-- setUpClass -->
        <test-method signature="runScenario(io.cucumber.testng.PickleWrapper, io.cucumber.testng.FeatureWrapper)[pri:0, instance:com.cucumber.runner.sharpRunner@f6efaab]" started-at="2020-10-26T19:08:33 IST" name="runScenario" description="Runs Cucumber Scenarios" data-provider="scenarios" finished-at="2020-10-26T19:08:36 IST" duration-ms="3071" status="FAIL">
          <params>
            <param index="0">
              <value>
                <![CDATA["Firefox: (Chat Survey) : Initiate bot, click Survey from bot and select YES"]]>
              </value>
            </param>
            <param index="1">
              <value>
                <![CDATA["Optional[Exelon-PHI-ACE feature file]"]]>
              </value>
            </param>
          </params>
          <exception class="org.openqa.selenium.WebDriverException">
            <message>
              <![CDATA[unknown error: Chrome failed to start: exited normally.
  (unknown error: DevToolsActivePort file doesn't exist)
  (The process started from chrome location C:\Users\Sohail Abbas\AppData\Local\FieldService\FieldService.exe is no longer running, so ChromeDriver is assuming that Chrome has crashed.)
Build info: version: '3.141.59', revision: 'e82be7d358', time: '2018-11-14T08:17:03'
System info: host: 'DESKTOP-P9BL872', ip: '192.168.1.146', os.name: 'Windows 10', os.arch: 'amd64', os.version: '10.0', java.version: '11.0.8'
Driver info: driver.version: ChromeDriver
remote stacktrace: Backtrace:
Ordinal0 [0x0062D383+3134339]
Ordinal0 [0x0051A171+2007409]
Ordinal0 [0x003BAEE8+569064]
Ordinal0 [0x0033D721+55073]
Ordinal0 [0x00360DFC+200188]
Ordinal0 [0x00360C1D+199709]
Ordinal0 [0x0035EB0B+191243]
Ordinal0 [0x00342E77+77431]
Ordinal0 [0x00343E3E+81470]
Ordinal0 [0x00343DC9+81353]
Ordinal0 [0x00530CD9+2100441]
GetHandleVerifier [0x0079B75A+1396954]
GetHandleVerifier [0x0079B3D9+1396057]
GetHandleVerifier [0x007A7126+1444518]
GetHandleVerifier [0x0079BCE8+1398376]
Ordinal0 [0x00527F51+2064209]
Ordinal0 [0x005322EB+2106091]
Ordinal0 [0x00532411+2106385]
Ordinal0 [0x005449C4+2181572]
BaseThreadInitThunk [0x76CD6359+25]
RtlGetAppContainerNamedObjectPath [0x774D7C24+228]
RtlGetAppContainerNamedObjectPath [0x774D7BF4+180]
]]>
            </message>
            <full-stacktrace>
              <![CDATA[org.openqa.selenium.WebDriverException: unknown error: Chrome failed to start: exited normally.
  (unknown error: DevToolsActivePort file doesn't exist)
  (The process started from chrome location C:\Users\Sohail Abbas\AppData\Local\FieldService\FieldService.exe is no longer running, so ChromeDriver is assuming that Chrome has crashed.)
Build info: version: '3.141.59', revision: 'e82be7d358', time: '2018-11-14T08:17:03'
System info: host: 'DESKTOP-P9BL872', ip: '192.168.1.146', os.name: 'Windows 10', os.arch: 'amd64', os.version: '10.0', java.version: '11.0.8'
Driver info: driver.version: ChromeDriver
remote stacktrace: Backtrace:
Ordinal0 [0x0062D383+3134339]
Ordinal0 [0x0051A171+2007409]
Ordinal0 [0x003BAEE8+569064]
Ordinal0 [0x0033D721+55073]
Ordinal0 [0x00360DFC+200188]
Ordinal0 [0x00360C1D+199709]
Ordinal0 [0x0035EB0B+191243]
Ordinal0 [0x00342E77+77431]
Ordinal0 [0x00343E3E+81470]
Ordinal0 [0x00343DC9+81353]
Ordinal0 [0x00530CD9+2100441]
GetHandleVerifier [0x0079B75A+1396954]
GetHandleVerifier [0x0079B3D9+1396057]
GetHandleVerifier [0x007A7126+1444518]
GetHandleVerifier [0x0079BCE8+1398376]
Ordinal0 [0x00527F51+2064209]
Ordinal0 [0x005322EB+2106091]
Ordinal0 [0x00532411+2106385]
Ordinal0 [0x005449C4+2181572]
BaseThreadInitThunk [0x76CD6359+25]
RtlGetAppContainerNamedObjectPath [0x774D7C24+228]
RtlGetAppContainerNamedObjectPath [0x774D7BF4+180]

at java.base/jdk.internal.reflect.NativeConstructorAccessorImpl.newInstance0(Native Method)
at java.base/jdk.internal.reflect.NativeConstructorAccessorImpl.newInstance(NativeConstructorAccessorImpl.java:62)
at java.base/jdk.internal.reflect.DelegatingConstructorAccessorImpl.newInstance(DelegatingConstructorAccessorImpl.java:45)
at java.base/java.lang.reflect.Constructor.newInstance(Constructor.java:490)
at org.openqa.selenium.remote.W3CHandshakeResponse.lambda$errorHandler$0(W3CHandshakeResponse.java:62)
at org.openqa.selenium.remote.HandshakeResponse.lambda$getResponseFunction$0(HandshakeResponse.java:30)
at org.openqa.selenium.remote.ProtocolHandshake.lambda$createSession$0(ProtocolHandshake.java:126)
at java.base/java.util.stream.ReferencePipeline$3$1.accept(ReferencePipeline.java:195)
at java.base/java.util.Spliterators$ArraySpliterator.tryAdvance(Spliterators.java:958)
at java.base/java.util.stream.ReferencePipeline.forEachWithCancel(ReferencePipeline.java:127)
at java.base/java.util.stream.AbstractPipeline.copyIntoWithCancel(AbstractPipeline.java:502)
at java.base/java.util.stream.AbstractPipeline.copyInto(AbstractPipeline.java:488)
at java.base/java.util.stream.AbstractPipeline.wrapAndCopyInto(AbstractPipeline.java:474)
at java.base/java.util.stream.FindOps$FindOp.evaluateSequential(FindOps.java:150)
at java.base/java.util.stream.AbstractPipeline.evaluate(AbstractPipeline.java:234)
at java.base/java.util.stream.ReferencePipeline.findFirst(ReferencePipeline.java:543)
at org.openqa.selenium.remote.ProtocolHandshake.createSession(ProtocolHandshake.java:128)
at org.openqa.selenium.remote.ProtocolHandshake.createSession(ProtocolHandshake.java:74)
at org.openqa.selenium.remote.HttpCommandExecutor.execute(HttpCommandExecutor.java:136)
at org.openqa.selenium.remote.service.DriverCommandExecutor.execute(DriverCommandExecutor.java:83)
at org.openqa.selenium.remote.RemoteWebDriver.execute(RemoteWebDriver.java:552)
at org.openqa.selenium.remote.RemoteWebDriver.startSession(RemoteWebDriver.java:213)
at org.openqa.selenium.remote.RemoteWebDriver.<init>(RemoteWebDriver.java:131)
at org.openqa.selenium.chrome.ChromeDriver.<init>(ChromeDriver.java:181)
at org.openqa.selenium.chrome.ChromeDriver.<init>(ChromeDriver.java:147)
at StepsDefine.genericFunctions.create_connection(genericFunctions.java:901)
at ✽.create connection(classpath:features/emersonIonic.feature:9)
]]>
            </full-stacktrace>
          </exception> <!-- org.openqa.selenium.WebDriverException -->
          <reporter-output>
          </reporter-output>
        </test-method> <!-- runScenario -->
        <test-method is-config="true" signature="tearDownClass()[pri:0, instance:com.cucumber.runner.sharpRunner@f6efaab]" started-at="2020-10-26T19:08:36 IST" name="tearDownClass" finished-at="2020-10-26T19:08:37 IST" duration-ms="1003" status="PASS">
          <reporter-output>
          </reporter-output>
        </test-method> <!-- tearDownClass -->
      </class> <!-- com.cucumber.runner.sharpRunner -->
    </test> <!-- Surefire test -->
  </suite> <!-- Surefire suite -->
</testng-results>
