<?xml version="1.0" encoding="UTF-8"?>
<testsuite name="com.cucumber.runner.exelonRunner" time="30.799" tests="5" errors="0" skipped="0" failures="1">
  <properties>
[...]
</properties>
  <testcase name="runScenario" classname="com.cucumber.runner.exelonRunner" time="30.799">
    <failure type="java.lang.NullPointerException:">java.lang.NullPointerException: null
	at StepsDefine.EmersonAndroidFuctions.user_will_enter_the_login_id(EmersonAndroidFuctions.java:45)
	at ✽.user will enter the login id(classpath:features/emersonAndroid.feature:12)
</failure>
    <system-out><![CDATA[Configuring TestNG with: TestNG652Configurator
Browser Launched: Proceeding to internal steps
Browser Launched: Proceeding to internal steps
Browser Launched: Proceeding to internal steps
Browser Launched: Proceeding to internal steps
Home Page Launched
Home Page Launched
Home Page Launched
Home Page Launched
Inside Step:-user able to locate chat bot
Inside Step:-user able to locate chat bot
]]></system-out>
    <system-err><![CDATA[Starting ChromeDriver 84.0.4147.30 (48b3e868b4cc0aa7e8149519690b6f6949e110a8-refs/branch-heads/4147@{#310}) on port 17882
Only local connections are allowed.
Please see https://chromedriver.chromium.org/security-considerations for suggestions on keeping ChromeDriver safe.
1599236787612	geckodriver	INFO	Listening on 127.0.0.1:21580
1599236787617	geckodriver	INFO	Listening on 127.0.0.1:32799
ChromeDriver was started successfully.
Starting ChromeDriver 84.0.4147.30 (48b3e868b4cc0aa7e8149519690b6f6949e110a8-refs/branch-heads/4147@{#310}) on port 27233
Only local connections are allowed.
Please see https://chromedriver.chromium.org/security-considerations for suggestions on keeping ChromeDriver safe.
ChromeDriver was started successfully.
1599236788026	mozrunner::runner	INFO	Running command: "C:\\Program Files\\Mozilla Firefox\\firefox.exe" "--marionette" "-foreground" "-no-remote" "-profile" "C:\\Users\\Vipin\\AppData\\Local\\Temp\\rust_mozprofilefXiUae"
1599236788027	mozrunner::runner	INFO	Running command: "C:\\Program Files\\Mozilla Firefox\\firefox.exe" "--marionette" "-foreground" "-no-remote" "-profile" "C:\\Users\\Vipin\\AppData\\Local\\Temp\\rust_mozprofileORWLw9"
[1599236790.011][WARNING]: This version of ChromeDriver has not been tested with Chrome version 85.
[1599236790.457][WARNING]: This version of ChromeDriver has not been tested with Chrome version 85.
Sep 04, 2020 9:56:32 PM org.openqa.selenium.remote.ProtocolHandshake createSession
INFO: Detected dialect: W3C
JavaScript error: resource://gre/modules/XULStore.jsm, line 66: Error: Can't find profile directory.
JavaScript error: resource://gre/modules/XULStore.jsm, line 66: Error: Can't find profile directory.
Sep 04, 2020 9:56:32 PM org.openqa.selenium.remote.ProtocolHandshake createSession
INFO: Detected dialect: W3C
console.error: SearchCache: "_readCacheFile: Error reading cache file:" (new Error("", "(unknown module)"))
console.error: SearchCache: "_readCacheFile: Error reading cache file:" (new Error("", "(unknown module)"))
1599236798126	Marionette	INFO	Listening on port 61031
1599236798360	Marionette	WARN	TLS certificate errors will be ignored for this session
Sep 04, 2020 9:56:38 PM org.openqa.selenium.remote.ProtocolHandshake createSession
INFO: Detected dialect: W3C
1599236799595	Marionette	INFO	Listening on port 61030
1599236799670	Marionette	WARN	TLS certificate errors will be ignored for this session
Sep 04, 2020 9:56:39 PM org.openqa.selenium.remote.ProtocolHandshake createSession
INFO: Detected dialect: W3C
JavaScript warning: https://aztest.atlanticcityelectric.com/Style%20Library/Exelon/exc-js/Forms/Common/schema.js?ver=20200813.1, line 424: unreachable code after return statement
JavaScript warning: https://aztest.atlanticcityelectric.com/Style%20Library/Exelon/exc-js/Forms/Common/schema.js?ver=20200813.1, line 452: unreachable code after return statement
JavaScript warning: https://aztest.atlanticcityelectric.com/Style%20Library/Exelon/exc-js/Forms/Common/schema.js?ver=20200813.1, line 424: unreachable code after return statement
JavaScript warning: https://aztest.atlanticcityelectric.com/Style%20Library/Exelon/exc-js/Forms/Common/schema.js?ver=20200813.1, line 452: unreachable code after return statement
Sep 04, 2020 9:56:57 PM io.appium.java_client.remote.AppiumCommandExecutor$1 lambda$0
INFO: Detected dialect: W3C
]]></system-err>
  </testcase>
  <testcase name="runScenario" classname="com.cucumber.runner.exelonRunner" time="87.391"/>
  <testcase name="runScenario" classname="com.cucumber.runner.exelonRunner" time="97.901"/>
  <testcase name="runScenario" classname="com.cucumber.runner.exelonRunner" time="157.135"/>
  <testcase name="runScenario" classname="com.cucumber.runner.exelonRunner" time="168.34"/>
</testsuite>