<?xml version="1.0" encoding="UTF-8"?>
<testng-results ignored="0" total="6" passed="5" failed="1" skipped="0">
  <reporter-output>
  </reporter-output>
  <suite started-at="2020-11-27T10:59:37 IST" name="Surefire suite" finished-at="2020-11-27T10:59:56 IST" duration-ms="18480">
    <groups>
      <group name="cucumber">
        <method signature="AbstractTestNGCucumberTests.runScenario(io.cucumber.testng.PickleWrapper, io.cucumber.testng.FeatureWrapper)[pri:0, instance:com.cucumber.runner.sharpRunner@f6efaab]" name="runScenario" class="io.cucumber.testng.AbstractTestNGCucumberTests"/>
      </group> <!-- cucumber -->
    </groups>
    <test started-at="2020-11-27T10:59:37 IST" name="Surefire test" finished-at="2020-11-27T10:59:56 IST" duration-ms="18480">
      <class name="com.cucumber.runner.sharpRunner">
        <test-method is-config="true" signature="setUpClass()[pri:0, instance:com.cucumber.runner.sharpRunner@f6efaab]" started-at="2020-11-27T10:59:40 IST" name="setUpClass" finished-at="2020-11-27T10:59:40 IST" duration-ms="526" status="PASS">
          <reporter-output>
          </reporter-output>
        </test-method> <!-- setUpClass -->
        <test-method signature="runScenario(io.cucumber.testng.PickleWrapper, io.cucumber.testng.FeatureWrapper)[pri:0, instance:com.cucumber.runner.sharpRunner@f6efaab]" started-at="2020-11-27T10:59:40 IST" name="runScenario" description="Runs Cucumber Scenarios" data-provider="scenarios" finished-at="2020-11-27T10:59:44 IST" duration-ms="3921" status="PASS">
          <params>
            <param index="0">
              <value>
                <![CDATA["API: send get request for user account"]]>
              </value>
            </param>
            <param index="1">
              <value>
                <![CDATA["Optional[Feature to test Hello Sign API cases]"]]>
              </value>
            </param>
          </params>
          <reporter-output>
          </reporter-output>
        </test-method> <!-- runScenario -->
        <test-method signature="runScenario(io.cucumber.testng.PickleWrapper, io.cucumber.testng.FeatureWrapper)[pri:0, instance:com.cucumber.runner.sharpRunner@f6efaab]" started-at="2020-11-27T10:59:44 IST" name="runScenario" description="Runs Cucumber Scenarios" data-provider="scenarios" finished-at="2020-11-27T10:59:46 IST" duration-ms="1584" status="PASS">
          <params>
            <param index="0">
              <value>
                <![CDATA["API: send get request for user account"]]>
              </value>
            </param>
            <param index="1">
              <value>
                <![CDATA["Optional[Feature to test Hello Sign API cases]"]]>
              </value>
            </param>
          </params>
          <reporter-output>
          </reporter-output>
        </test-method> <!-- runScenario -->
        <test-method signature="runScenario(io.cucumber.testng.PickleWrapper, io.cucumber.testng.FeatureWrapper)[pri:0, instance:com.cucumber.runner.sharpRunner@f6efaab]" started-at="2020-11-27T10:59:46 IST" name="runScenario" description="Runs Cucumber Scenarios" data-provider="scenarios" finished-at="2020-11-27T10:59:49 IST" duration-ms="3405" status="FAIL">
          <params>
            <param index="0">
              <value>
                <![CDATA["API: send get request for user account with correct credentials"]]>
              </value>
            </param>
            <param index="1">
              <value>
                <![CDATA["Optional[Feature to test Hello Sign API cases]"]]>
              </value>
            </param>
          </params>
          <exception class="java.lang.AssertionError">
            <full-stacktrace>
              <![CDATA[java.lang.AssertionError
at cucumberHooks.addonFunctions.compareString(addonFunctions.java:81)
at StepsDefine.apiAutomationFunctions.verify_body(apiAutomationFunctions.java:210)
at StepsDefine.apiAutomationFunctions.verify_response_body_for_Get_Account(apiAutomationFunctions.java:70)
at ✽.verify response body for Get Account(classpath:features/helloSignAPI.feature:21)
]]>
            </full-stacktrace>
          </exception> <!-- java.lang.AssertionError -->
          <reporter-output>
          </reporter-output>
        </test-method> <!-- runScenario -->
        <test-method signature="runScenario(io.cucumber.testng.PickleWrapper, io.cucumber.testng.FeatureWrapper)[pri:0, instance:com.cucumber.runner.sharpRunner@f6efaab]" started-at="2020-11-27T10:59:49 IST" name="runScenario" description="Runs Cucumber Scenarios" data-provider="scenarios" finished-at="2020-11-27T10:59:51 IST" duration-ms="1950" status="PASS">
          <params>
            <param index="0">
              <value>
                <![CDATA["API: verify user account"]]>
              </value>
            </param>
            <param index="1">
              <value>
                <![CDATA["Optional[Feature to test Hello Sign API cases]"]]>
              </value>
            </param>
          </params>
          <reporter-output>
          </reporter-output>
        </test-method> <!-- runScenario -->
        <test-method signature="runScenario(io.cucumber.testng.PickleWrapper, io.cucumber.testng.FeatureWrapper)[pri:0, instance:com.cucumber.runner.sharpRunner@f6efaab]" started-at="2020-11-27T10:59:51 IST" name="runScenario" description="Runs Cucumber Scenarios" data-provider="scenarios" finished-at="2020-11-27T10:59:53 IST" duration-ms="1589" status="PASS">
          <params>
            <param index="0">
              <value>
                <![CDATA["API: send get request for user account wrong credentials"]]>
              </value>
            </param>
            <param index="1">
              <value>
                <![CDATA["Optional[Feature to test Hello Sign API cases]"]]>
              </value>
            </param>
          </params>
          <reporter-output>
          </reporter-output>
        </test-method> <!-- runScenario -->
        <test-method signature="runScenario(io.cucumber.testng.PickleWrapper, io.cucumber.testng.FeatureWrapper)[pri:0, instance:com.cucumber.runner.sharpRunner@f6efaab]" started-at="2020-11-27T10:59:53 IST" name="runScenario" description="Runs Cucumber Scenarios" data-provider="scenarios" finished-at="2020-11-27T10:59:55 IST" duration-ms="2594" status="PASS">
          <params>
            <param index="0">
              <value>
                <![CDATA["API: Verify team details"]]>
              </value>
            </param>
            <param index="1">
              <value>
                <![CDATA["Optional[Feature to test Hello Sign API cases]"]]>
              </value>
            </param>
          </params>
          <reporter-output>
          </reporter-output>
        </test-method> <!-- runScenario -->
        <test-method is-config="true" signature="tearDownClass()[pri:0, instance:com.cucumber.runner.sharpRunner@f6efaab]" started-at="2020-11-27T10:59:55 IST" name="tearDownClass" finished-at="2020-11-27T10:59:56 IST" duration-ms="484" status="PASS">
          <reporter-output>
          </reporter-output>
        </test-method> <!-- tearDownClass -->
      </class> <!-- com.cucumber.runner.sharpRunner -->
    </test> <!-- Surefire test -->
  </suite> <!-- Surefire suite -->
</testng-results>
